Replace Symbol from C9 Cap_0603 in C:\Users\e.filatov\Desktop\stm\PCB\REV 0.1\TI_ADV\TI_MCU.SchDoc with Cap_0603 from capacitor.IntLib
Replace Symbol from C10 Cap_0603 in C:\Users\e.filatov\Desktop\stm\PCB\REV 0.1\TI_ADV\TI_MCU.SchDoc with Cap_0603 from capacitor.IntLib
Replace Symbol from C24 Cap_0603 in C:\Users\e.filatov\Desktop\stm\PCB\REV 0.1\TI_ADV\TI_MCU.SchDoc with Cap_0603 from capacitor.IntLib
Replace Symbol from C25 Cap_0603 in C:\Users\e.filatov\Desktop\stm\PCB\REV 0.1\TI_ADV\TI_MCU.SchDoc with Cap_0603 from capacitor.IntLib
Replace Symbol from C26 Cap_0603 in C:\Users\e.filatov\Desktop\stm\PCB\REV 0.1\TI_ADV\TI_MCU.SchDoc with Cap_0603 from capacitor.IntLib
Replace Symbol from C27 Cap_0603 in C:\Users\e.filatov\Desktop\stm\PCB\REV 0.1\TI_ADV\TI_MCU.SchDoc with Cap_0603 from capacitor.IntLib
Replace Symbol from C28 Cap_0603 in C:\Users\e.filatov\Desktop\stm\PCB\REV 0.1\TI_ADV\TI_MCU.SchDoc with Cap_0603 from capacitor.IntLib
Replace Symbol from C29 Cap_0603 in C:\Users\e.filatov\Desktop\stm\PCB\REV 0.1\TI_ADV\TI_MCU.SchDoc with Cap_0603 from capacitor.IntLib
Replace Symbol from R1 Resistor_0603 in C:\Users\e.filatov\Desktop\stm\PCB\REV 0.1\TI_ADV\TI_MCU.SchDoc with Resistor_0603 from resistor.IntLib
Replace Symbol from R2 Resistor_0603 in C:\Users\e.filatov\Desktop\stm\PCB\REV 0.1\TI_ADV\TI_MCU.SchDoc with Resistor_0603 from resistor.IntLib
Replace Symbol from R3 Resistor_0603 in C:\Users\e.filatov\Desktop\stm\PCB\REV 0.1\TI_ADV\TI_MCU.SchDoc with Resistor_0603 from resistor.IntLib
Replace Symbol from R32 Resistor_0603 in C:\Users\e.filatov\Desktop\stm\PCB\REV 0.1\TI_ADV\TI_MCU.SchDoc with Resistor_0603 from resistor.IntLib
Replace Symbol from R33 Resistor_0603 in C:\Users\e.filatov\Desktop\stm\PCB\REV 0.1\TI_ADV\TI_MCU.SchDoc with Resistor_0603 from resistor.IntLib
Replace Symbol from R34 Resistor_0603 in C:\Users\e.filatov\Desktop\stm\PCB\REV 0.1\TI_ADV\TI_MCU.SchDoc with Resistor_0603 from resistor.IntLib
Replace Symbol from R35 Resistor_0603 in C:\Users\e.filatov\Desktop\stm\PCB\REV 0.1\TI_ADV\TI_MCU.SchDoc with Resistor_0603 from resistor.IntLib
Replace Symbol from R36 Resistor_0603 in C:\Users\e.filatov\Desktop\stm\PCB\REV 0.1\TI_ADV\TI_MCU.SchDoc with Resistor_0603 from resistor.IntLib
Replace Symbol from R37 Resistor_0603 in C:\Users\e.filatov\Desktop\stm\PCB\REV 0.1\TI_ADV\TI_MCU.SchDoc with Resistor_0603 from resistor.IntLib
Replace Symbol from U2 STM32F030R8T6TR in C:\Users\e.filatov\Desktop\stm\PCB\REV 0.1\TI_ADV\TI_MCU.SchDoc with STM32F030R8T6TR from MY_INT_LIB.IntLib
Replace Symbol from XP2 PLS-4 (DS1021-1x4) in C:\Users\e.filatov\Desktop\stm\PCB\REV 0.1\TI_ADV\TI_MCU.SchDoc with PLS-4 (DS1021-1x4) from MY_INT_LIB.IntLib
Replace Symbol from Z1 ECS-320-10-36B2-CTN-TR in C:\Users\e.filatov\Desktop\stm\PCB\REV 0.1\TI_ADV\TI_MCU.SchDoc with ECS-320-10-36B2-CTN-TR from MY_INT_LIB.IntLib
