Added Component: Designator=U3(STM32F030R8T6)
Added Pin To Net: NetName=VCC_3.3V_CLEAR Pin=U3-1
Added Pin To Net: NetName=OSC_IN Pin=U3-5
Added Pin To Net: NetName=OSC_OUT Pin=U3-6
Added Pin To Net: NetName=RESET Pin=U3-7
Added Pin To Net: NetName=GND_??? Pin=U3-12
Added Pin To Net: NetName=VCCA_3.3V_CLEAR Pin=U3-13
Added Pin To Net: NetName=ADC_IN4 Pin=U3-20
Added Pin To Net: NetName=ADC_IN5 Pin=U3-21
Added Pin To Net: NetName=ADC_IN6 Pin=U3-22
Added Pin To Net: NetName=ADC_IN7 Pin=U3-23
Added Pin To Net: NetName=ADC_IN14 Pin=U3-24
Added Pin To Net: NetName=ADC_IN15 Pin=U3-25
Added Pin To Net: NetName=S1 Pin=U3-29
Added Pin To Net: NetName=GND_??? Pin=U3-31
Added Pin To Net: NetName=VCC_3.3V_CLEAR Pin=U3-32
Added Pin To Net: NetName=SPI_2_CS Pin=U3-33
Added Pin To Net: NetName=SPI_2_SCK Pin=U3-34
Added Pin To Net: NetName=SPI_2_MISO Pin=U3-35
Added Pin To Net: NetName=SPI_2_MOSI Pin=U3-36
Added Pin To Net: NetName=SWDIO Pin=U3-46
Added Pin To Net: NetName=SWCLK Pin=U3-49
Added Pin To Net: NetName=SWO Pin=U3-55
Added Pin To Net: NetName=NetR42_2 Pin=U3-60
Added Pin To Net: NetName=GND_??? Pin=U3-63
Added Pin To Net: NetName=VCC_3.3V_CLEAR Pin=U3-64
Added Member To Class: ClassName=TI_SCH Member=Component U3 STM32F030R8T6
