Added Component: Designator=C13(CAP: 0603)
Add component (AddParameter): Name = "Analogue"; Value = ""; VariantName = "[No Variations]"
Add component (AddParameter): Name = "Datasheet"; Value = ""; VariantName = "[No Variations]"
Add component (AddParameter): Name = "HelpURL"; Value = ""; VariantName = "[No Variations]"
Add component (AddParameter): Name = "Manufacturer"; Value = ""; VariantName = "[No Variations]"
Add component (AddParameter): Name = "Package/Case"; Value = "0603"; VariantName = "[No Variations]"
Add component (AddParameter): Name = "Product Category"; Value = "Capacitors"; VariantName = "[No Variations]"
Add component (AddParameter): Name = "Temperature"; Value = "-55...+125°C(-55...+85°C)"; VariantName = "[No Variations]"
Add component (AddParameter): Name = "TypeDielectric"; Value = "X7R(X5R)"; VariantName = "[No Variations]"
Add component (AddParameter): Name = "Value"; Value = "???F"; VariantName = "[No Variations]"
Add component (AddParameter): Name = "Voltage"; Value = "??V"; VariantName = "[No Variations]"
Added Component: Designator=C14(CAP: 0603)
Add component (AddParameter): Name = "Analogue"; Value = ""; VariantName = "[No Variations]"
Add component (AddParameter): Name = "Datasheet"; Value = ""; VariantName = "[No Variations]"
Add component (AddParameter): Name = "HelpURL"; Value = ""; VariantName = "[No Variations]"
Add component (AddParameter): Name = "Manufacturer"; Value = ""; VariantName = "[No Variations]"
Add component (AddParameter): Name = "Package/Case"; Value = "0603"; VariantName = "[No Variations]"
Add component (AddParameter): Name = "Product Category"; Value = "Capacitors"; VariantName = "[No Variations]"
Add component (AddParameter): Name = "Temperature"; Value = "-55...+125°C(-55...+85°C)"; VariantName = "[No Variations]"
Add component (AddParameter): Name = "TypeDielectric"; Value = "X7R(X5R)"; VariantName = "[No Variations]"
Add component (AddParameter): Name = "Value"; Value = "???F"; VariantName = "[No Variations]"
Add component (AddParameter): Name = "Voltage"; Value = "??V"; VariantName = "[No Variations]"
Added Component: Designator=C15(CAP: 0603)
Add component (AddParameter): Name = "Analogue"; Value = ""; VariantName = "[No Variations]"
Add component (AddParameter): Name = "Datasheet"; Value = ""; VariantName = "[No Variations]"
Add component (AddParameter): Name = "HelpURL"; Value = ""; VariantName = "[No Variations]"
Add component (AddParameter): Name = "Manufacturer"; Value = ""; VariantName = "[No Variations]"
Add component (AddParameter): Name = "Package/Case"; Value = "0603"; VariantName = "[No Variations]"
Add component (AddParameter): Name = "Product Category"; Value = "Capacitors"; VariantName = "[No Variations]"
Add component (AddParameter): Name = "Temperature"; Value = "-55...+125°C(-55...+85°C)"; VariantName = "[No Variations]"
Add component (AddParameter): Name = "TypeDielectric"; Value = "X7R(X5R)"; VariantName = "[No Variations]"
Add component (AddParameter): Name = "Value"; Value = "???F"; VariantName = "[No Variations]"
Add component (AddParameter): Name = "Voltage"; Value = "??V"; VariantName = "[No Variations]"
Added Component: Designator=C16(CAP: 0603)
Add component (AddParameter): Name = "Analogue"; Value = ""; VariantName = "[No Variations]"
Add component (AddParameter): Name = "Datasheet"; Value = ""; VariantName = "[No Variations]"
Add component (AddParameter): Name = "HelpURL"; Value = ""; VariantName = "[No Variations]"
Add component (AddParameter): Name = "Manufacturer"; Value = ""; VariantName = "[No Variations]"
Add component (AddParameter): Name = "Package/Case"; Value = "0603"; VariantName = "[No Variations]"
Add component (AddParameter): Name = "Product Category"; Value = "Capacitors"; VariantName = "[No Variations]"
Add component (AddParameter): Name = "Temperature"; Value = "-55...+125°C(-55...+85°C)"; VariantName = "[No Variations]"
Add component (AddParameter): Name = "TypeDielectric"; Value = "X7R(X5R)"; VariantName = "[No Variations]"
Add component (AddParameter): Name = "Value"; Value = "???F"; VariantName = "[No Variations]"
Add component (AddParameter): Name = "Voltage"; Value = "??V"; VariantName = "[No Variations]"
Added Component: Designator=C17(CAP: 0603)
Add component (AddParameter): Name = "Analogue"; Value = ""; VariantName = "[No Variations]"
Add component (AddParameter): Name = "Datasheet"; Value = ""; VariantName = "[No Variations]"
Add component (AddParameter): Name = "HelpURL"; Value = ""; VariantName = "[No Variations]"
Add component (AddParameter): Name = "Manufacturer"; Value = ""; VariantName = "[No Variations]"
Add component (AddParameter): Name = "Package/Case"; Value = "0603"; VariantName = "[No Variations]"
Add component (AddParameter): Name = "Product Category"; Value = "Capacitors"; VariantName = "[No Variations]"
Add component (AddParameter): Name = "Temperature"; Value = "-55...+125°C(-55...+85°C)"; VariantName = "[No Variations]"
Add component (AddParameter): Name = "TypeDielectric"; Value = "X7R(X5R)"; VariantName = "[No Variations]"
Add component (AddParameter): Name = "Value"; Value = "???F"; VariantName = "[No Variations]"
Add component (AddParameter): Name = "Voltage"; Value = "??V"; VariantName = "[No Variations]"
Added Component: Designator=C18(CAP: 0603)
Add component (AddParameter): Name = "Analogue"; Value = ""; VariantName = "[No Variations]"
Add component (AddParameter): Name = "Datasheet"; Value = ""; VariantName = "[No Variations]"
Add component (AddParameter): Name = "HelpURL"; Value = ""; VariantName = "[No Variations]"
Add component (AddParameter): Name = "Manufacturer"; Value = ""; VariantName = "[No Variations]"
Add component (AddParameter): Name = "Package/Case"; Value = "0603"; VariantName = "[No Variations]"
Add component (AddParameter): Name = "Product Category"; Value = "Capacitors"; VariantName = "[No Variations]"
Add component (AddParameter): Name = "Temperature"; Value = "-55...+125°C(-55...+85°C)"; VariantName = "[No Variations]"
Add component (AddParameter): Name = "TypeDielectric"; Value = "X7R(X5R)"; VariantName = "[No Variations]"
Add component (AddParameter): Name = "Value"; Value = "???F"; VariantName = "[No Variations]"
Add component (AddParameter): Name = "Voltage"; Value = "??V"; VariantName = "[No Variations]"
Added Component: Designator=R20(RES: 0603)
Add component (AddParameter): Name = "Analogue"; Value = ""; VariantName = "[No Variations]"
Add component (AddParameter): Name = "Datasheet"; Value = ""; VariantName = "[No Variations]"
Add component (AddParameter): Name = "HelpURL"; Value = ""; VariantName = "[No Variations]"
Add component (AddParameter): Name = "Manufacturer"; Value = ""; VariantName = "[No Variations]"
Add component (AddParameter): Name = "Package/Case"; Value = "0603"; VariantName = "[No Variations]"
Add component (AddParameter): Name = "Power"; Value = "0.1W"; VariantName = "[No Variations]"
Add component (AddParameter): Name = "Product Category"; Value = "Resistors"; VariantName = "[No Variations]"
Add component (AddParameter): Name = "Temperature"; Value = "-55...+125°C"; VariantName = "[No Variations]"
Add component (AddParameter): Name = "Tolerance"; Value = "±5%"; VariantName = "[No Variations]"
Add component (AddParameter): Name = "Value"; Value = "??R"; VariantName = "[No Variations]"
Added Component: Designator=R21(RES: 0603)
Add component (AddParameter): Name = "Analogue"; Value = ""; VariantName = "[No Variations]"
Add component (AddParameter): Name = "Datasheet"; Value = ""; VariantName = "[No Variations]"
Add component (AddParameter): Name = "HelpURL"; Value = ""; VariantName = "[No Variations]"
Add component (AddParameter): Name = "Manufacturer"; Value = ""; VariantName = "[No Variations]"
Add component (AddParameter): Name = "Package/Case"; Value = "0603"; VariantName = "[No Variations]"
Add component (AddParameter): Name = "Power"; Value = "0.1W"; VariantName = "[No Variations]"
Add component (AddParameter): Name = "Product Category"; Value = "Resistors"; VariantName = "[No Variations]"
Add component (AddParameter): Name = "Temperature"; Value = "-55...+125°C"; VariantName = "[No Variations]"
Add component (AddParameter): Name = "Tolerance"; Value = "±5%"; VariantName = "[No Variations]"
Add component (AddParameter): Name = "Value"; Value = "??R"; VariantName = "[No Variations]"
Added Component: Designator=R22(RES: 0603)
Add component (AddParameter): Name = "Analogue"; Value = ""; VariantName = "[No Variations]"
Add component (AddParameter): Name = "Datasheet"; Value = ""; VariantName = "[No Variations]"
Add component (AddParameter): Name = "HelpURL"; Value = ""; VariantName = "[No Variations]"
Add component (AddParameter): Name = "Manufacturer"; Value = ""; VariantName = "[No Variations]"
Add component (AddParameter): Name = "Package/Case"; Value = "0603"; VariantName = "[No Variations]"
Add component (AddParameter): Name = "Power"; Value = "0.1W"; VariantName = "[No Variations]"
Add component (AddParameter): Name = "Product Category"; Value = "Resistors"; VariantName = "[No Variations]"
Add component (AddParameter): Name = "Temperature"; Value = "-55...+125°C"; VariantName = "[No Variations]"
Add component (AddParameter): Name = "Tolerance"; Value = "±5%"; VariantName = "[No Variations]"
Add component (AddParameter): Name = "Value"; Value = "??R"; VariantName = "[No Variations]"
Added Component: Designator=R23(RES: 0603)
Add component (AddParameter): Name = "Analogue"; Value = ""; VariantName = "[No Variations]"
Add component (AddParameter): Name = "Datasheet"; Value = ""; VariantName = "[No Variations]"
Add component (AddParameter): Name = "HelpURL"; Value = ""; VariantName = "[No Variations]"
Add component (AddParameter): Name = "Manufacturer"; Value = ""; VariantName = "[No Variations]"
Add component (AddParameter): Name = "Package/Case"; Value = "0603"; VariantName = "[No Variations]"
Add component (AddParameter): Name = "Power"; Value = "0.1W"; VariantName = "[No Variations]"
Add component (AddParameter): Name = "Product Category"; Value = "Resistors"; VariantName = "[No Variations]"
Add component (AddParameter): Name = "Temperature"; Value = "-55...+125°C"; VariantName = "[No Variations]"
Add component (AddParameter): Name = "Tolerance"; Value = "±5%"; VariantName = "[No Variations]"
Add component (AddParameter): Name = "Value"; Value = "??R"; VariantName = "[No Variations]"
Added Component: Designator=R24(RES: 0603)
Add component (AddParameter): Name = "Analogue"; Value = ""; VariantName = "[No Variations]"
Add component (AddParameter): Name = "Datasheet"; Value = ""; VariantName = "[No Variations]"
Add component (AddParameter): Name = "HelpURL"; Value = ""; VariantName = "[No Variations]"
Add component (AddParameter): Name = "Manufacturer"; Value = ""; VariantName = "[No Variations]"
Add component (AddParameter): Name = "Package/Case"; Value = "0603"; VariantName = "[No Variations]"
Add component (AddParameter): Name = "Power"; Value = "0.1W"; VariantName = "[No Variations]"
Add component (AddParameter): Name = "Product Category"; Value = "Resistors"; VariantName = "[No Variations]"
Add component (AddParameter): Name = "Temperature"; Value = "-55...+125°C"; VariantName = "[No Variations]"
Add component (AddParameter): Name = "Tolerance"; Value = "±5%"; VariantName = "[No Variations]"
Add component (AddParameter): Name = "Value"; Value = "??R"; VariantName = "[No Variations]"
Added Component: Designator=R25(RES: 0603)
Add component (AddParameter): Name = "Analogue"; Value = ""; VariantName = "[No Variations]"
Add component (AddParameter): Name = "Datasheet"; Value = ""; VariantName = "[No Variations]"
Add component (AddParameter): Name = "HelpURL"; Value = ""; VariantName = "[No Variations]"
Add component (AddParameter): Name = "Manufacturer"; Value = ""; VariantName = "[No Variations]"
Add component (AddParameter): Name = "Package/Case"; Value = "0603"; VariantName = "[No Variations]"
Add component (AddParameter): Name = "Power"; Value = "0.1W"; VariantName = "[No Variations]"
Add component (AddParameter): Name = "Product Category"; Value = "Resistors"; VariantName = "[No Variations]"
Add component (AddParameter): Name = "Temperature"; Value = "-55...+125°C"; VariantName = "[No Variations]"
Add component (AddParameter): Name = "Tolerance"; Value = "±5%"; VariantName = "[No Variations]"
Add component (AddParameter): Name = "Value"; Value = "??R"; VariantName = "[No Variations]"
Add Component: Footprint Not Found OSC: 2520
Added Pin To Net: NetName=GND Pin=C13-2
Added Pin To Net: NetName=GND Pin=C14-2
Added Pin To Net: NetName=GND Pin=C15-2
Added Pin To Net: NetName=GND Pin=C16-2
Added Pin To Net: NetName=GND Pin=C17-2
Added Pin To Net: NetName=GND Pin=C18-2
Add Pin To Net: Unknown Pin: Pin Z1-1
Add Pin To Net: Unknown Pin: Pin Z1-2
Add Pin To Net: Unknown Pin: Pin Z1-3
Add Pin To Net: Unknown Pin: Pin Z1-4
Add Net: Net with name "ADC_IN4" already exists
Add Net: Net with name "ADC_IN5" already exists
Add Net: Net with name "ADC_IN6" already exists
Add Net: Net with name "ADC_IN7" already exists
Add Net: Net with name "ADC_IN14" already exists
Add Net: Net with name "ADC_IN15" already exists
Added Member To Class: ClassName=U_TI_ADC_VOLTAGE Member=Component C13 Cap_0603
Added Member To Class: ClassName=U_TI_ADC_VOLTAGE Member=Component C14 Cap_0603
Added Member To Class: ClassName=U_TI_ADC_VOLTAGE Member=Component C15 Cap_0603
Added Member To Class: ClassName=U_TI_ADC_VOLTAGE Member=Component C16 Cap_0603
Added Member To Class: ClassName=U_TI_ADC_VOLTAGE Member=Component C17 Cap_0603
Added Member To Class: ClassName=U_TI_ADC_VOLTAGE Member=Component C18 Cap_0603
Added Member To Class: ClassName=U_TI_ADC_VOLTAGE Member=Component R20 Resistor_0603
Added Member To Class: ClassName=U_TI_ADC_VOLTAGE Member=Component R21 Resistor_0603
Added Member To Class: ClassName=U_TI_ADC_VOLTAGE Member=Component R22 Resistor_0603
Added Member To Class: ClassName=U_TI_ADC_VOLTAGE Member=Component R23 Resistor_0603
Added Member To Class: ClassName=U_TI_ADC_VOLTAGE Member=Component R24 Resistor_0603
Added Member To Class: ClassName=U_TI_ADC_VOLTAGE Member=Component R25 Resistor_0603
Add Class Member: Failed to add class member : Component Z1 ECS-320-10-36B2-CTN-TR
