Removed Pin From Net: NetName=AMP_IN+ Pin=L1-0
Removed Pin From Net: NetName=AMP_IN+ Pin=L2-0
Removed Pin From Net: NetName=AMP_IN+ Pin=L3-0
Removed Member From Class: ClassName=TI_SCH Member=L1
Removed Member From Class: ClassName=TI_SCH Member=L2
Removed Member From Class: ClassName=TI_SCH Member=L3
Added Component: Designator=L?(inductor)
Added Component: Designator=L?(inductor)
Added Component: Designator=L?(inductor)
Added Pin To Net: NetName=AMP_IN+ Pin=L?-0
Added Pin To Net: NetName=AMP_IN+ Pin=L?-1
Added Pin To Net: NetName=AMP_IN+ Pin=L?-1
Added Pin To Net: NetName=NetL?_0 Pin=L?-0
Added Pin To Net: NetName=NetL?_0 Pin=R30-1
Added Pin To Net: NetName=NetL?_0 Pin=R31-1
Added Net: Name=NetL?_0
Added Pin To Net: NetName=NetL?_1 Pin=L?-1
Added Pin To Net: NetName=NetL?_1 Pin=R33-1
Added Pin To Net: NetName=NetL?_1 Pin=R34-1
Added Net: Name=NetL?_1
Added Member To Class: ClassName=TI_SCH Member=Component L? inductor
Added Member To Class: ClassName=TI_SCH Member=Component L? inductor
Added Member To Class: ClassName=TI_SCH Member=Component L? inductor
