Removed Pin From Net: NetName=ADC_IN4 Pin=C1-1
Removed Pin From Net: NetName=ADC_IN5 Pin=C2-1
Removed Pin From Net: NetName=ADC_IN6 Pin=C3-1
Removed Pin From Net: NetName=ADC_IN7 Pin=C4-1
Removed Pin From Net: NetName=ADC_IN14 Pin=C5-1
Removed Pin From Net: NetName=ADC_IN15 Pin=C6-1
Removed Pin From Net: NetName=ADC_IN4 Pin=R19-1
Removed Pin From Net: NetName=ADC_IN5 Pin=R23-1
Removed Pin From Net: NetName=ADC_IN6 Pin=R25-2
Removed Pin From Net: NetName=ADC_IN7 Pin=R35-1
Removed Pin From Net: NetName=ADC_IN14 Pin=R40-1
Removed Pin From Net: NetName=ADC_IN15 Pin=R41-2
Added Pin To Net: NetName=ADC_IN7 Pin=C1-1
Added Pin To Net: NetName=ADC_IN14 Pin=C2-1
Added Pin To Net: NetName=ADC_IN15 Pin=C3-1
Added Pin To Net: NetName=ADC_IN4 Pin=C4-1
Added Pin To Net: NetName=ADC_IN5 Pin=C5-1
Added Pin To Net: NetName=ADC_IN6 Pin=C6-1
Added Pin To Net: NetName=ADC_IN7 Pin=R19-1
Added Pin To Net: NetName=ADC_IN14 Pin=R23-1
Added Pin To Net: NetName=ADC_IN15 Pin=R25-2
Added Pin To Net: NetName=ADC_IN4 Pin=R35-1
Added Pin To Net: NetName=ADC_IN5 Pin=R40-1
Added Pin To Net: NetName=ADC_IN6 Pin=R41-2
Added Member To Class: ClassName=TI_SCH Member=Component L3 inductor
