Removed Pin From Net: NetName=ADC_IN2 Pin=C24-2
Removed Pin From Net: NetName=ADC_IN14 Pin=C27-2
Removed Pin From Net: NetName=ADC_IN15 Pin=C28-2
Removed Pin From Net: NetName=ADC_IN8 Pin=C29-2
Removed Pin From Net: NetName=ADC_IN2 Pin=R32-2
Removed Pin From Net: NetName=ADC_IN14 Pin=R35-2
Removed Pin From Net: NetName=ADC_IN15 Pin=R36-2
Removed Pin From Net: NetName=ADC_IN8 Pin=R37-2
Added Pin To Net: NetName=ADC_IN14 Pin=C26-2
Added Pin To Net: NetName=ADC_IN15 Pin=C27-2
Added Pin To Net: NetName=ADC_IN8 Pin=C28-2
Added Pin To Net: NetName=ADC_IN14 Pin=R34-2
Added Pin To Net: NetName=ADC_IN15 Pin=R35-2
Added Pin To Net: NetName=ADC_IN8 Pin=R36-2
Added Pin To Net: NetName=ADC_IN5 Pin=C24-2
Added Pin To Net: NetName=ADC_IN5 Pin=R32-2
Added Pin To Net: NetName=ADC_IN5 Pin=U2-21
Added Net: Name=ADC_IN5
Added Pin To Net: NetName=ADC_IN7 Pin=C25-2
Added Pin To Net: NetName=ADC_IN7 Pin=R33-2
Added Pin To Net: NetName=ADC_IN7 Pin=U2-23
Added Net: Name=ADC_IN7
Added Pin To Net: NetName=ADC_IN9 Pin=C29-2
Added Pin To Net: NetName=ADC_IN9 Pin=R37-2
Added Pin To Net: NetName=ADC_IN9 Pin=U2-27
Added Net: Name=ADC_IN9
