Replace Symbol from C1 Cap_2220 in C:\Users\e.filatov\Desktop\stm\PCB\REV 0.1\TI_ADV\TI_POW.SchDoc with Cap_2220 from capacitor.IntLib
Replace Symbol from C2 Cap_2220 in C:\Users\e.filatov\Desktop\stm\PCB\REV 0.1\TI_ADV\TI_POW.SchDoc with Cap_2220 from capacitor.IntLib
Replace Symbol from C3 Cap_0603 in C:\Users\e.filatov\Desktop\stm\PCB\REV 0.1\TI_ADV\TI_POW.SchDoc with Cap_0603 from capacitor.IntLib
Replace Symbol from C4 Cap_0603 in C:\Users\e.filatov\Desktop\stm\PCB\REV 0.1\TI_ADV\TI_POW.SchDoc with Cap_0603 from capacitor.IntLib
Replace Symbol from C5 Cap_0603 in C:\Users\e.filatov\Desktop\stm\PCB\REV 0.1\TI_ADV\TI_POW.SchDoc with Cap_0603 from capacitor.IntLib
Replace Symbol from C6 Cap_0603 in C:\Users\e.filatov\Desktop\stm\PCB\REV 0.1\TI_ADV\TI_POW.SchDoc with Cap_0603 from capacitor.IntLib
Replace Symbol from C7 Cap_0603 in C:\Users\e.filatov\Desktop\stm\PCB\REV 0.1\TI_ADV\TI_POW.SchDoc with Cap_0603 from capacitor.IntLib
Replace Symbol from C8 Cap_0603 in C:\Users\e.filatov\Desktop\stm\PCB\REV 0.1\TI_ADV\TI_POW.SchDoc with Cap_0603 from capacitor.IntLib
Replace Symbol from C19 Cap_2220 in C:\Users\e.filatov\Desktop\stm\PCB\REV 0.1\TI_ADV\TI_POW.SchDoc with Cap_2220 from capacitor.IntLib
Replace Symbol from C20 Cap_0603 in C:\Users\e.filatov\Desktop\stm\PCB\REV 0.1\TI_ADV\TI_POW.SchDoc with Cap_0603 from capacitor.IntLib
Replace Symbol from C21 Cap_0603 in C:\Users\e.filatov\Desktop\stm\PCB\REV 0.1\TI_ADV\TI_POW.SchDoc with Cap_0603 from capacitor.IntLib
Replace Symbol from C22 Cap_0603 in C:\Users\e.filatov\Desktop\stm\PCB\REV 0.1\TI_ADV\TI_POW.SchDoc with Cap_0603 from capacitor.IntLib
Replace Symbol from C23 Cap_0603 in C:\Users\e.filatov\Desktop\stm\PCB\REV 0.1\TI_ADV\TI_POW.SchDoc with Cap_0603 from capacitor.IntLib
Replace Symbol from R26 Resistor_0603 in C:\Users\e.filatov\Desktop\stm\PCB\REV 0.1\TI_ADV\TI_POW.SchDoc with Resistor_0603 from resistor.IntLib
Replace Symbol from R27 Resistor_0603 in C:\Users\e.filatov\Desktop\stm\PCB\REV 0.1\TI_ADV\TI_POW.SchDoc with Resistor_0603 from resistor.IntLib
Replace Symbol from R28 Resistor_0603 in C:\Users\e.filatov\Desktop\stm\PCB\REV 0.1\TI_ADV\TI_POW.SchDoc with Resistor_0603 from resistor.IntLib
Replace Symbol from R29 Resistor_0603 in C:\Users\e.filatov\Desktop\stm\PCB\REV 0.1\TI_ADV\TI_POW.SchDoc with Resistor_0603 from resistor.IntLib
Replace Symbol from R30 Resistor_0603 in C:\Users\e.filatov\Desktop\stm\PCB\REV 0.1\TI_ADV\TI_POW.SchDoc with Resistor_0603 from resistor.IntLib
Replace Symbol from R31 Resistor_0603 in C:\Users\e.filatov\Desktop\stm\PCB\REV 0.1\TI_ADV\TI_POW.SchDoc with Resistor_0603 from resistor.IntLib
Replace Symbol from U1 LD1117S33CTR in C:\Users\e.filatov\Desktop\stm\PCB\REV 0.1\TI_ADV\TI_POW.SchDoc with LD1117S33CTR from MY_INT_LIB.IntLib
Replace Symbol from U4 AM1D-0505SZ in C:\Users\e.filatov\Desktop\stm\PCB\REV 0.1\TI_ADV\TI_POW.SchDoc with AM1D-0505SZ from MY_INT_LIB.IntLib
Replace Symbol from U5 TLVH431BIL3T in C:\Users\e.filatov\Desktop\stm\PCB\REV 0.1\TI_ADV\TI_POW.SchDoc with TLVH431BIL3T from MY_INT_LIB.IntLib
Replace Symbol from U6 TLVH431BIL3T in C:\Users\e.filatov\Desktop\stm\PCB\REV 0.1\TI_ADV\TI_POW.SchDoc with TLVH431BIL3T from MY_INT_LIB.IntLib
Replace Symbol from XP1 DS1118-32M-R23 in C:\Users\e.filatov\Desktop\stm\PCB\REV 0.1\TI_ADV\TI_POW.SchDoc with DS1118-32M-R23 from MY_INT_LIB.IntLib
