Removed Pin From Net: NetName=OSC_IN Pin=BC1-1
Removed Pin From Net: NetName=OSC_OUT Pin=BC1-3
Removed Pin From Net: NetName=ADC_IN4 Pin=C4-1
Removed Pin From Net: NetName=ADC_IN5 Pin=C5-1
Removed Pin From Net: NetName=OSC_IN Pin=C7-1
Removed Pin From Net: NetName=OSC_OUT Pin=C8-1
Removed Pin From Net: NetName=ADC_IN4 Pin=R35-1
Removed Pin From Net: NetName=ADC_IN5 Pin=R40-1
Removed Pin From Net: NetName=OSC_IN Pin=U3-5
Removed Pin From Net: NetName=OSC_OUT Pin=U3-6
Removed Pin From Net: NetName=RESET Pin=U3-7
Removed Pin From Net: NetName=ADC_IN4 Pin=U3-20
Removed Pin From Net: NetName=ADC_IN5 Pin=U3-21
Removed Pin From Net: NetName=SWDIO Pin=U3-46
Removed Pin From Net: NetName=SWCLK Pin=U3-49
Added Component: Designator=C21(CAP: 2220)
Add component (AddParameter): Name = "Analogue"; Value = ""; VariantName = "[No Variations]"
Add component (AddParameter): Name = "Datasheet"; Value = ""; VariantName = "[No Variations]"
Add component (AddParameter): Name = "HelpURL"; Value = ""; VariantName = "[No Variations]"
Add component (AddParameter): Name = "Manufacturer"; Value = ""; VariantName = "[No Variations]"
Add component (AddParameter): Name = "Package/Case"; Value = "2220"; VariantName = "[No Variations]"
Add component (AddParameter): Name = "Product Category"; Value = "Capacitors"; VariantName = "[No Variations]"
Add component (AddParameter): Name = "Temperature"; Value = "-55...+125°C(-55...+85°C)"; VariantName = "[No Variations]"
Add component (AddParameter): Name = "TypeDielectric"; Value = "X7R(X5R)"; VariantName = "[No Variations]"
Add component (AddParameter): Name = "Value"; Value = "10?F"; VariantName = "[No Variations]"
Add component (AddParameter): Name = "Voltage"; Value = "16V"; VariantName = "[No Variations]"
Add Component: Footprint Not Found CAP: 0603
Added Component: Designator=C?(CAP: 2220)
Add component (AddParameter): Name = "Analogue"; Value = ""; VariantName = "[No Variations]"
Add component (AddParameter): Name = "Datasheet"; Value = ""; VariantName = "[No Variations]"
Add component (AddParameter): Name = "HelpURL"; Value = ""; VariantName = "[No Variations]"
Add component (AddParameter): Name = "Manufacturer"; Value = ""; VariantName = "[No Variations]"
Add component (AddParameter): Name = "Package/Case"; Value = "2220"; VariantName = "[No Variations]"
Add component (AddParameter): Name = "Product Category"; Value = "Capacitors"; VariantName = "[No Variations]"
Add component (AddParameter): Name = "Temperature"; Value = "-55...+125°C(-55...+85°C)"; VariantName = "[No Variations]"
Add component (AddParameter): Name = "TypeDielectric"; Value = "X7R(X5R)"; VariantName = "[No Variations]"
Add component (AddParameter): Name = "Value"; Value = "10?F"; VariantName = "[No Variations]"
Add component (AddParameter): Name = "Voltage"; Value = "16V"; VariantName = "[No Variations]"
Add Component: Footprint Not Found CAP: 0603
Add Component: Footprint Not Found CAP: 0603
Add Component: Footprint Not Found CAP: 0603
Add Component: Footprint Not Found CAP: 0603
Added Component: Designator=C?(CAP: 0603)
Add component (AddParameter): Name = "Analogue"; Value = ""; VariantName = "[No Variations]"
Add component (AddParameter): Name = "Datasheet"; Value = ""; VariantName = "[No Variations]"
Add component (AddParameter): Name = "HelpURL"; Value = ""; VariantName = "[No Variations]"
Add component (AddParameter): Name = "Manufacturer"; Value = ""; VariantName = "[No Variations]"
Add component (AddParameter): Name = "Package/Case"; Value = "0603"; VariantName = "[No Variations]"
Add component (AddParameter): Name = "Product Category"; Value = "Capacitors"; VariantName = "[No Variations]"
Add component (AddParameter): Name = "Temperature"; Value = "-55...+125°C(-55...+85°C)"; VariantName = "[No Variations]"
Add component (AddParameter): Name = "TypeDielectric"; Value = "X7R(X5R)"; VariantName = "[No Variations]"
Add component (AddParameter): Name = "Value"; Value = "???F"; VariantName = "[No Variations]"
Add component (AddParameter): Name = "Voltage"; Value = "??V"; VariantName = "[No Variations]"
Added Component: Designator=C?(CAP: 0603)
Add component (AddParameter): Name = "Analogue"; Value = ""; VariantName = "[No Variations]"
Add component (AddParameter): Name = "Datasheet"; Value = ""; VariantName = "[No Variations]"
Add component (AddParameter): Name = "HelpURL"; Value = ""; VariantName = "[No Variations]"
Add component (AddParameter): Name = "Manufacturer"; Value = ""; VariantName = "[No Variations]"
Add component (AddParameter): Name = "Package/Case"; Value = "0603"; VariantName = "[No Variations]"
Add component (AddParameter): Name = "Product Category"; Value = "Capacitors"; VariantName = "[No Variations]"
Add component (AddParameter): Name = "Temperature"; Value = "-55...+125°C(-55...+85°C)"; VariantName = "[No Variations]"
Add component (AddParameter): Name = "TypeDielectric"; Value = "X7R(X5R)"; VariantName = "[No Variations]"
Add component (AddParameter): Name = "Value"; Value = "???F"; VariantName = "[No Variations]"
Add component (AddParameter): Name = "Voltage"; Value = "??V"; VariantName = "[No Variations]"
Add Component: Footprint Not Found CAP: 0603
Add Component: Footprint Not Found CAP: 0603
Add Component: Footprint Not Found CAP: 0603
Add Component: Footprint Not Found RES: 0603
Add Component: Footprint Not Found RES: 0603
Add Component: Footprint Not Found RES: 0603
Add Component: Footprint Not Found RES: 0603
Add Component: Footprint Not Found RES: 0603
Add Component: Footprint Not Found RES: 0603
Add Component: Footprint Not Found RES: 0603
Add Component: Footprint Not Found RES: 0603
Add Component: Footprint Not Found RES: 0603
Add Component: Footprint Not Found RES: 0603
Add Component: Footprint Not Found RES: 0603
Add Component: Footprint Not Found RES: 0603
Add Component: Footprint Not Found RES: 0603
Add Component: Footprint Not Found RES: 0603
Add Component: Footprint Not Found RES: 0603
Add Component: Footprint Not Found RES: 0603
Add Component: Footprint Not Found RES: 0603
Add Component: Footprint Not Found RES: 0603
Add Component: Footprint Not Found RES: 0603
Added Component: Designator=U5(SOT-223-3)
Add component (AddParameter): Name = "Analogue"; Value = ""; VariantName = "[No Variations]"
Add component (AddParameter): Name = "Datasheet"; Value = "https://eu.mouser.com/datasheet/2/389/cd00000544-1795431.pdf"; VariantName = "[No Variations]"
Add component (AddParameter): Name = "HelpURL"; Value = "https://eu.mouser.com/ProductDetail/STMicroelectronics/LD1117S33CTR?qs=8u%2FLf1IQwKF9meFZLHfRog%3D%3D"; VariantName = "[No Variations]"
Add component (AddParameter): Name = "Manufacturer"; Value = "STMicroelectronics"; VariantName = "[No Variations]"
Add component (AddParameter): Name = "Package/Case"; Value = "SOT-223-3"; VariantName = "[No Variations]"
Add component (AddParameter): Name = "Product Category"; Value = "Voltage Regulators"; VariantName = "[No Variations]"
Add component (AddParameter): Name = "Value"; Value = ""; VariantName = "[No Variations]"
Added Component: Designator=U?(LQFP-64)
Add component (AddParameter): Name = "Analogue"; Value = ""; VariantName = "[No Variations]"
Add component (AddParameter): Name = "Datasheet"; Value = "https://www.st.com/resource/en/datasheet/stm32f030r8.pdf"; VariantName = "[No Variations]"
Add component (AddParameter): Name = "HelpURL"; Value = "https://eu.mouser.com/ProductDetail/STMicroelectronics/STM32F030R8T6TR?qs=s5SkPsIz10%252B%252B1w15QiyTpQ%3D%3D"; VariantName = "[No Variations]"
Add component (AddParameter): Name = "Manufacturer"; Value = "STMicroelectronics"; VariantName = "[No Variations]"
Add component (AddParameter): Name = "Package/Case"; Value = "LQFP-64"; VariantName = "[No Variations]"
Add component (AddParameter): Name = "Product Category"; Value = "Microcontrollers"; VariantName = "[No Variations]"
Add component (AddParameter): Name = "Value"; Value = ""; VariantName = "[No Variations]"
Added Component: Designator=U?(SOIC-14)
Add component (AddParameter): Name = "Analogue"; Value = ""; VariantName = "[No Variations]"
Add component (AddParameter): Name = "Datasheet"; Value = "https://eu.mouser.com/ProductDetail/Microchip-Technology-Atmel/MCP6004-I-SL?qs=n%2FfJlMG9rCZ2%2F%2FCryvZ52w%3D%3D"; VariantName = "[No Variations]"
Add component (AddParameter): Name = "HelpURL"; Value = "https://eu.mouser.com/ProductDetail/Microchip-Technology-Atmel/MCP6004-I-SL?qs=n%2FfJlMG9rCZ2%2F%2FCryvZ52w%3D%3D"; VariantName = "[No Variations]"
Add component (AddParameter): Name = "Manufacturer"; Value = "Microchip"; VariantName = "[No Variations]"
Add component (AddParameter): Name = "Package/Case"; Value = "SOIC-14"; VariantName = "[No Variations]"
Add component (AddParameter): Name = "Product Category"; Value = "Operational Amplifiers"; VariantName = "[No Variations]"
Add component (AddParameter): Name = "Value"; Value = ""; VariantName = "[No Variations]"
Added Component: Designator=VD?(SOT-23-3)
Add component (AddParameter): Name = "Analogue"; Value = ""; VariantName = "[No Variations]"
Add component (AddParameter): Name = "Datasheet"; Value = "https://eu.mouser.com/datasheet/2/916/BAV99_SER-1370693.pdf"; VariantName = "[No Variations]"
Add component (AddParameter): Name = "HelpURL"; Value = "https://eu.mouser.com/ProductDetail/Nexperia/BAV99235?qs=me8TqzrmIYWUP4h8SbZlfQ%3D%3D"; VariantName = "[No Variations]"
Add component (AddParameter): Name = "Manufacturer"; Value = "Nexperia"; VariantName = "[No Variations]"
Add component (AddParameter): Name = "Package/Case"; Value = "SOT-23"; VariantName = "[No Variations]"
Add component (AddParameter): Name = "Product Category"; Value = "Diodes"; VariantName = "[No Variations]"
Add component (AddParameter): Name = "Value"; Value = ""; VariantName = "[No Variations]"
Added Component: Designator=VD?(SOT-23-3)
Add component (AddParameter): Name = "Analogue"; Value = ""; VariantName = "[No Variations]"
Add component (AddParameter): Name = "Datasheet"; Value = "https://eu.mouser.com/datasheet/2/916/BAV99_SER-1370693.pdf"; VariantName = "[No Variations]"
Add component (AddParameter): Name = "HelpURL"; Value = "https://eu.mouser.com/ProductDetail/Nexperia/BAV99235?qs=me8TqzrmIYWUP4h8SbZlfQ%3D%3D"; VariantName = "[No Variations]"
Add component (AddParameter): Name = "Manufacturer"; Value = "Nexperia"; VariantName = "[No Variations]"
Add component (AddParameter): Name = "Package/Case"; Value = "SOT-23"; VariantName = "[No Variations]"
Add component (AddParameter): Name = "Product Category"; Value = "Diodes"; VariantName = "[No Variations]"
Add component (AddParameter): Name = "Value"; Value = ""; VariantName = "[No Variations]"
Added Component: Designator=XP?(DS1118-32M-R23)
Add component (AddParameter): Name = "Analogue"; Value = "HARTING 09221326951(https://eu.mouser.com/ProductDetail/HARTING/09221326951?qs=Afqhj6cPmO9f0oVZo6yWiA%3D%3D)"; VariantName = "[No Variations]"
Add component (AddParameter): Name = "Datasheet"; Value = "http://en.connfly.group/static/upload/file/pdf/DS1118.pdf"; VariantName = "[No Variations]"
Add component (AddParameter): Name = "HelpURL"; Value = "https://www.chipdip.by/product/din41612r-ds1118-32m-r23"; VariantName = "[No Variations]"
Add component (AddParameter): Name = "Manufacturer"; Value = "Connfly"; VariantName = "[No Variations]"
Add component (AddParameter): Name = "Package/Case"; Value = ""; VariantName = "[No Variations]"
Add component (AddParameter): Name = "Product Category"; Value = "Connectors"; VariantName = "[No Variations]"
Add component (AddParameter): Name = "Value"; Value = ""; VariantName = "[No Variations]"
Added Component: Designator=XP?(PLS-4 (DS1021-1x4))
Add component (AddParameter): Name = "Analogue"; Value = ""; VariantName = "[No Variations]"
Add component (AddParameter): Name = "Datasheet"; Value = "https://static.chipdip.ru/lib/977/DOC005977245.pdf"; VariantName = "[No Variations]"
Add component (AddParameter): Name = "HelpURL"; Value = "https://www.chipdip.by/product/pls-4"; VariantName = "[No Variations]"
Add component (AddParameter): Name = "Manufacturer"; Value = "Connfly"; VariantName = "[No Variations]"
Add component (AddParameter): Name = "Package/Case"; Value = ""; VariantName = "[No Variations]"
Add component (AddParameter): Name = "Product Category"; Value = "Connectors"; VariantName = "[No Variations]"
Add component (AddParameter): Name = "Value"; Value = ""; VariantName = "[No Variations]"
Add Component: Footprint Not Found OSC: 2520
Added Pin To Net: NetName=OSC_IN Pin=C?-1
Added Pin To Net: NetName=RESET Pin=C?-2
Added Pin To Net: NetName=RESET Pin=C?-2
Add Pin To Net: Unknown Pin: Pin R?-1
Add Pin To Net: Unknown Pin: Pin R?-2
Add Pin To Net: Unknown Pin: Pin R?-2
Add Pin To Net: Unknown Pin: Pin R?-2
Added Pin To Net: NetName=RESET Pin=U5-2
Added Pin To Net: NetName=RESET Pin=U5-4
Added Pin To Net: NetName=RESET Pin=U?-1
Added Pin To Net: NetName=OSC_IN Pin=U?-5
Added Pin To Net: NetName=OSC_OUT Pin=U?-6
Added Pin To Net: NetName=RESET Pin=U?-7
Added Pin To Net: NetName=RESET Pin=U?-13
Added Pin To Net: NetName=ADC_IN4 Pin=U?-20
Added Pin To Net: NetName=ADC_IN5 Pin=U?-21
Added Pin To Net: NetName=RESET Pin=U?-32
Added Pin To Net: NetName=SWDIO Pin=U?-46
Added Pin To Net: NetName=SWCLK Pin=U?-49
Added Pin To Net: NetName=RESET Pin=U?-64
Added Pin To Net: NetName=SWCLK Pin=XP?-2
Added Pin To Net: NetName=SWDIO Pin=XP?-3
Added Pin To Net: NetName=RESET Pin=XP?-4
Add Pin To Net: Unknown Pin: Pin Z?-1
Added Pin To Net: NetName=+5V Pin=C21-2
Added Pin To Net: NetName=+5V Pin=U5-3
Added Pin To Net: NetName=+5V Pin=U?-4
Added Pin To Net: NetName=+5V Pin=XP?-11
Added Pin To Net: NetName=+5V Pin=XP?-12
Added Pin To Net: NetName=+5V Pin=XP?-21
Added Pin To Net: NetName=+5V Pin=XP?-22
Added Net: Name=+5V
Added Pin To Net: NetName=ADC_IN0 Pin=U?-14
Added Net: Name=ADC_IN0
Added Pin To Net: NetName=ADC_IN1 Pin=U?-15
Added Net: Name=ADC_IN1
Added Pin To Net: NetName=ADC_IN2 Pin=U?-16
Added Net: Name=ADC_IN2
Added Pin To Net: NetName=ADC_IN3 Pin=U?-17
Added Net: Name=ADC_IN3
Added Pin To Net: NetName=GND Pin=C21-1
Added Pin To Net: NetName=GND Pin=C?-1
Added Pin To Net: NetName=GND Pin=C?-1
Added Pin To Net: NetName=GND Pin=C?-2
Added Pin To Net: NetName=GND Pin=C?-2
Added Pin To Net: NetName=GND Pin=U5-1
Added Pin To Net: NetName=GND Pin=U?-11
Added Pin To Net: NetName=GND Pin=U?-12
Added Pin To Net: NetName=GND Pin=U?-31
Added Pin To Net: NetName=GND Pin=U?-60
Added Pin To Net: NetName=GND Pin=U?-63
Added Pin To Net: NetName=GND Pin=XP?-1
Added Pin To Net: NetName=GND Pin=XP?-9
Added Pin To Net: NetName=GND Pin=XP?-10
Added Pin To Net: NetName=GND Pin=XP?-23
Added Pin To Net: NetName=GND Pin=XP?-24
Added Net: Name=GND
Added Pin To Net: NetName=NetC?_1 Pin=C?-1
Added Net: Name=NetC?_1
Add Net: Net with name "NetC?_1" already exists
Added Pin To Net: NetName=NetC?_2 Pin=C?-2
Added Net: Name=NetC?_2
Added Net: Name=NetR?_1
Add Net: Net with name "NetR?_1" already exists
Add Net: Net with name "NetR?_1" already exists
Add Net: Net with name "NetR?_1" already exists
Add Net: Net with name "NetR?_1" already exists
Add Net: Net with name "NetR?_1" already exists
Add Net: Net with name "NetR?_1" already exists
Add Net: Net with name "NetR?_1" already exists
Add Net: Net with name "NetR?_1" already exists
Add Net: Net with name "NetR?_1" already exists
Add Net: Net with name "NetR?_1" already exists
Add Net: Net with name "NetR?_1" already exists
Added Pin To Net: NetName=NetR?_2 Pin=U?-6
Added Pin To Net: NetName=NetR?_2 Pin=VD?-1
Added Pin To Net: NetName=NetR?_2 Pin=VD?-2
Added Net: Name=NetR?_2
Add Net: Net with name "NetR?_2" already exists
Added Pin To Net: NetName=NetU?_3 Pin=U?-3
Added Pin To Net: NetName=NetU?_3 Pin=VD?-3
Added Net: Name=NetU?_3
Added Pin To Net: NetName=NetU?_5 Pin=U?-5
Added Pin To Net: NetName=NetU?_5 Pin=VD?-3
Added Net: Name=NetU?_5
Added Pin To Net: NetName=SPI2_MISO Pin=U?-34
Added Pin To Net: NetName=SPI2_MISO Pin=XP?-3
Added Pin To Net: NetName=SPI2_MISO Pin=XP?-30
Added Net: Name=SPI2_MISO
Add Net: Net with name "SPI2_MISO" already exists
Added Pin To Net: NetName=SPI2_MOSI Pin=U?-33
Added Pin To Net: NetName=SPI2_MOSI Pin=XP?-4
Added Pin To Net: NetName=SPI2_MOSI Pin=XP?-29
Added Net: Name=SPI2_MOSI
Add Net: Net with name "SPI2_MOSI" already exists
Added Class: Name=U_TI_ADC_VOLTAGE
Added Class: Name=U_TI_MCU
Added Class: Name=U_TI_POW
