Removed Pin From Net: NetName=OSC_IN Pin=C?-1
Removed Pin From Net: NetName=RESET Pin=C?-2
Removed Pin From Net: NetName=SPI2_MOSI Pin=U?-33
Removed Pin From Net: NetName=SPI2_MISO Pin=U?-34
Removed Member From Class: ClassName=U_TI_MCU Member=C?
Removed Member From Class: ClassName=U_TI_POW Member=C?
Removed Member From Class: ClassName=U_TI_MCU Member=U?
Removed Member From Class: ClassName=U_TI_POW Member=XP?
Change Component Designator: OldDesignator=C21 NewDesignator=C1
Change Component Designator: OldDesignator=C? NewDesignator=C2
Change Component Designator: OldDesignator=C? NewDesignator=C11
Change Component Designator: OldDesignator=C? NewDesignator=C12
Change Component Designator: OldDesignator=U5 NewDesignator=U1
Change Component Designator: OldDesignator=U? NewDesignator=U2
Change Component Designator: OldDesignator=U? NewDesignator=U3
Change Component Designator: OldDesignator=VD? NewDesignator=VD1
Change Component Designator: OldDesignator=VD? NewDesignator=VD2
Change Component Designator: OldDesignator=XP? NewDesignator=XP1
Change Component Designator: OldDesignator=XP? NewDesignator=XP2
Add Component: Footprint Not Found CAP: 0603
Add Component: Footprint Not Found CAP: 0603
Add Component: Footprint Not Found CAP: 0603
Add Component: Footprint Not Found CAP: 0603
Add Component: Footprint Not Found CAP: 0603
Add Component: Footprint Not Found CAP: 0603
Add Component: Footprint Not Found CAP: 0603
Add Component: Footprint Not Found CAP: 0603
Add Component: Footprint Not Found RES: 0603
Add Component: Footprint Not Found RES: 0603
Add Component: Footprint Not Found RES: 0603
Add Component: Footprint Not Found RES: 0603
Add Component: Footprint Not Found RES: 0603
Add Component: Footprint Not Found RES: 0603
Add Component: Footprint Not Found RES: 0603
Add Component: Footprint Not Found RES: 0603
Add Component: Footprint Not Found RES: 0603
Add Component: Footprint Not Found RES: 0603
Add Component: Footprint Not Found RES: 0603
Add Component: Footprint Not Found RES: 0603
Add Component: Footprint Not Found RES: 0603
Add Component: Footprint Not Found RES: 0603
Add Component: Footprint Not Found RES: 0603
Add Component: Footprint Not Found RES: 0603
Add Component: Footprint Not Found RES: 0603
Add Component: Footprint Not Found RES: 0603
Add Component: Footprint Not Found RES: 0603
Add Component: Footprint Not Found OSC: 2520
Add Pin To Net: Unknown Pin: Pin C3-1
Add Pin To Net: Unknown Pin: Pin C3-2
Add Pin To Net: Unknown Pin: Pin C4-1
Add Pin To Net: Unknown Pin: Pin C4-2
Add Pin To Net: Unknown Pin: Pin C5-1
Add Pin To Net: Unknown Pin: Pin C5-2
Add Pin To Net: Unknown Pin: Pin C6-1
Add Pin To Net: Unknown Pin: Pin C6-2
Add Pin To Net: Unknown Pin: Pin C7-1
Add Pin To Net: Unknown Pin: Pin C7-2
Add Pin To Net: Unknown Pin: Pin C8-1
Add Pin To Net: Unknown Pin: Pin C8-2
Add Pin To Net: Unknown Pin: Pin C9-1
Add Pin To Net: Unknown Pin: Pin C10-1
Add Pin To Net: Unknown Pin: Pin C10-2
Added Pin To Net: NetName=GND Pin=C12-2
Add Pin To Net: Unknown Pin: Pin R1-2
Add Pin To Net: Unknown Pin: Pin R2-1
Add Pin To Net: Unknown Pin: Pin R2-2
Add Pin To Net: Unknown Pin: Pin R3-1
Add Pin To Net: Unknown Pin: Pin R3-2
Add Pin To Net: Unknown Pin: Pin R5-1
Add Pin To Net: Unknown Pin: Pin R11-2
Add Pin To Net: Unknown Pin: Pin R17-2
Add Pin To Net: Unknown Pin: Pin R18-2
Added Pin To Net: NetName=SPI2_MISO Pin=U2-35
Added Pin To Net: NetName=SPI2_MOSI Pin=U2-36
Add Pin To Net: Unknown Pin: Pin Z1-1
Add Pin To Net: Unknown Pin: Pin Z1-2
Add Pin To Net: Unknown Pin: Pin Z1-4
Change Net Name : Old Net Name=NetR?_1 New Net Name=NetR5_1
Change Net Name : Old Net Name=NetR?_2 New Net Name=NetR17_2
Change Net Name : Old Net Name=NetU?_3 New Net Name=NetU3_3
Change Net Name : Old Net Name=NetU?_5 New Net Name=NetU3_5
Added Net: Name=NetC9_2
Added Pin To Net: NetName=NetC11_1 Pin=C11-1
Added Net: Name=NetC11_1
Added Pin To Net: NetName=NetC12_1 Pin=C12-1
Added Net: Name=NetC12_1
Added Pin To Net: NetName=NetR4_2 Pin=U3-1
Added Net: Name=NetR4_2
Added Net: Name=NetR6_2
Added Net: Name=NetR7_2
Added Net: Name=NetR8_2
Added Net: Name=NetR9_2
Added Net: Name=NetR10_2
Added Net: Name=NetR12_2
Added Net: Name=NetR13_2
Added Net: Name=NetR14_2
Added Net: Name=NetR15_2
Added Net: Name=NetR16_2
Added Pin To Net: NetName=NetR18_1 Pin=U3-7
Added Net: Name=NetR18_1
Added Pin To Net: NetName=SPI2_NSS Pin=U2-33
Added Pin To Net: NetName=SPI2_NSS Pin=XP1-1
Added Pin To Net: NetName=SPI2_NSS Pin=XP1-32
Added Net: Name=SPI2_NSS
Added Pin To Net: NetName=SPI2_SCK Pin=U2-34
Added Pin To Net: NetName=SPI2_SCK Pin=XP1-2
Added Pin To Net: NetName=SPI2_SCK Pin=XP1-31
Added Net: Name=SPI2_SCK
Added Member To Class: ClassName=U_TI_POW Member=Component C2 Cap_2220
Add Class Member: Failed to add class member : Component C3 Cap_0603
Add Class Member: Failed to add class member : Component C4 Cap_0603
Add Class Member: Failed to add class member : Component C5 Cap_0603
Add Class Member: Failed to add class member : Component C6 Cap_0603
Add Class Member: Failed to add class member : Component C7 Cap_0603
Add Class Member: Failed to add class member : Component C8 Cap_0603
Add Class Member: Failed to add class member : Component C9 Cap_0603
Add Class Member: Failed to add class member : Component C10 Cap_0603
Added Member To Class: ClassName=U_TI_ADC_VOLTAGE Member=Component C12 Cap_0603
Add Class Member: Failed to add class member : Component R1 Resistor_0603
Add Class Member: Failed to add class member : Component R2 Resistor_0603
Add Class Member: Failed to add class member : Component R3 Resistor_0603
Add Class Member: Failed to add class member : Component R4 Resistor_0603
Add Class Member: Failed to add class member : Component R5 Resistor_0603
Add Class Member: Failed to add class member : Component R6 Resistor_0603
Add Class Member: Failed to add class member : Component R7 Resistor_0603
Add Class Member: Failed to add class member : Component R8 Resistor_0603
Add Class Member: Failed to add class member : Component R9 Resistor_0603
Add Class Member: Failed to add class member : Component R10 Resistor_0603
Add Class Member: Failed to add class member : Component R11 Resistor_0603
Add Class Member: Failed to add class member : Component R12 Resistor_0603
Add Class Member: Failed to add class member : Component R13 Resistor_0603
Add Class Member: Failed to add class member : Component R14 Resistor_0603
Add Class Member: Failed to add class member : Component R15 Resistor_0603
Add Class Member: Failed to add class member : Component R16 Resistor_0603
Add Class Member: Failed to add class member : Component R17 Resistor_0603
Add Class Member: Failed to add class member : Component R18 Resistor_0603
Add Class Member: Failed to add class member : Component R19 Resistor_0603
Added Member To Class: ClassName=U_TI_MCU Member=Component U2 STM32F030R8T6TR
Added Member To Class: ClassName=U_TI_ADC_VOLTAGE Member=Component VD1 BAV99
Added Member To Class: ClassName=U_TI_POW Member=Component XP1 DS1118-32M-R23
Add Class Member: Failed to add class member : Component Z1 ECS-320-10-36B2-CTN-TR
