Removed Pin From Net: NetName=+5V Pin=C1-2
Removed Pin From Net: NetName=GND Pin=C7-1
Removed Pin From Net: NetName=GND Pin=C8-1
Removed Pin From Net: NetName=GND Pin=C20-1
Removed Pin From Net: NetName=GND Pin=C21-1
Removed Pin From Net: NetName=GND Pin=C22-1
Removed Pin From Net: NetName=GND Pin=C23-1
Removed Pin From Net: NetName=GND Pin=R26-2
Removed Pin From Net: NetName=GND Pin=R29-2
Removed Pin From Net: NetName=+5V Pin=U1-3
Removed Pin From Net: NetName=GND Pin=U2-12
Removed Pin From Net: NetName=GND Pin=U3-11
Removed Pin From Net: NetName=GND Pin=U4-3
Removed Pin From Net: NetName=+5V Pin=U4-4
Removed Pin From Net: NetName=GND Pin=U5-3
Removed Pin From Net: NetName=GND Pin=U6-3
Removed Pin From Net: NetName=GND Pin=U7-11
Removed Pin From Net: NetName=GND Pin=VD4-1
Removed Pin From Net: NetName=GND Pin=VD5-1
Removed Pin From Net: NetName=GND Pin=VD6-1
Added Pin To Net: NetName=+5V_ISOLATED Pin=C1-2
Added Pin To Net: NetName=+5V_ISOLATED Pin=U1-3
Added Pin To Net: NetName=+5V_ANALOG Pin=U4-4
Added Net: Name=+5V_ANALOG
Added Pin To Net: NetName=GND_ANALOG Pin=C7-1
Added Pin To Net: NetName=GND_ANALOG Pin=C8-1
Added Pin To Net: NetName=GND_ANALOG Pin=C20-1
Added Pin To Net: NetName=GND_ANALOG Pin=C21-1
Added Pin To Net: NetName=GND_ANALOG Pin=C22-1
Added Pin To Net: NetName=GND_ANALOG Pin=C23-1
Added Pin To Net: NetName=GND_ANALOG Pin=R26-2
Added Pin To Net: NetName=GND_ANALOG Pin=R29-2
Added Pin To Net: NetName=GND_ANALOG Pin=U2-12
Added Pin To Net: NetName=GND_ANALOG Pin=U3-11
Added Pin To Net: NetName=GND_ANALOG Pin=U4-3
Added Pin To Net: NetName=GND_ANALOG Pin=U5-3
Added Pin To Net: NetName=GND_ANALOG Pin=U6-3
Added Pin To Net: NetName=GND_ANALOG Pin=U7-11
Added Pin To Net: NetName=GND_ANALOG Pin=VD4-1
Added Pin To Net: NetName=GND_ANALOG Pin=VD5-1
Added Pin To Net: NetName=GND_ANALOG Pin=VD6-1
Added Net: Name=GND_ANALOG
