Removed Pin From Net: NetName=GND_??? Pin=BC1-2
Removed Pin From Net: NetName=GND_??? Pin=C1-1
Removed Pin From Net: NetName=VCC_5V Pin=C1-2
Removed Pin From Net: NetName=GND_??? Pin=C2-1
Removed Pin From Net: NetName=VCC_3.3V Pin=C2-2
Removed Pin From Net: NetName=GND_??? Pin=C3-1
Removed Pin From Net: NetName=VCC_3.3V_CLEAR Pin=C3-2
Removed Pin From Net: NetName=GND_??? Pin=C4-1
Removed Pin From Net: NetName=VCC_3.3V_CLEAR Pin=C4-2
Removed Pin From Net: NetName=GND_??? Pin=C5-1
Removed Pin From Net: NetName=VCCA_3.3V_CLEAR Pin=C5-2
Removed Pin From Net: NetName=GND_??? Pin=C6-1
Removed Pin From Net: NetName=VCCA_3.3V_CLEAR Pin=C6-2
Removed Pin From Net: NetName=VCC_3.3V_CLEAR Pin=C9-2
Removed Pin From Net: NetName=VCC_3.3V_CLEAR Pin=C10-2
Removed Pin From Net: NetName=VCC_3.3V_CLEAR Pin=L1-1
Removed Pin From Net: NetName=VCC_3.3V Pin=L1-2
Removed Pin From Net: NetName=VCCA_3.3V_CLEAR Pin=L2-1
Removed Pin From Net: NetName=VCC_3.3V Pin=L2-2
Removed Pin From Net: NetName=VCC_3.3V_CLEAR Pin=L3-1
Removed Pin From Net: NetName=VCC_3.3V Pin=L3-2
Removed Pin From Net: NetName=RESET Pin=R1-1
Removed Pin From Net: NetName=VCC_3.3V Pin=R1-2
Removed Pin From Net: NetName=GND_??? Pin=R2-1
Removed Pin From Net: NetName=SWCLK Pin=R3-1
Removed Pin From Net: NetName=GND_??? Pin=R3-2
Removed Pin From Net: NetName=SWO Pin=R4-1
Removed Pin From Net: NetName=VCC_3.3V Pin=R4-2
Removed Pin From Net: NetName=SWDIO Pin=R5-1
Removed Pin From Net: NetName=VCC_3.3V Pin=R5-2
Removed Pin From Net: NetName=SPI_2_SCK Pin=R6-1
Removed Pin From Net: NetName=GND_??? Pin=R6-2
Removed Pin From Net: NetName=SPI_2_CS Pin=R7-1
Removed Pin From Net: NetName=VCC_3.3V Pin=R7-2
Removed Pin From Net: NetName=SPI_2_MOSI Pin=R8-1
Removed Pin From Net: NetName=GND_??? Pin=R8-2
Removed Pin From Net: NetName=SPI_2_MISO Pin=R9-1
Removed Pin From Net: NetName=GND_??? Pin=R9-2
Removed Pin From Net: NetName=E.GND_2 Pin=R10-2
Removed Pin From Net: NetName=VCC_3.3V Pin=R11-1
Removed Pin From Net: NetName=IDI_16 Pin=R12-1
Removed Pin From Net: NetName=E.GND_2 Pin=R14-2
Removed Pin From Net: NetName=VCC_3.3V Pin=R15-1
Removed Pin From Net: NetName=IDI_17 Pin=R16-1
Removed Pin From Net: NetName=NetR16_2 Pin=R17-2
Removed Pin From Net: NetName=E.GND_2 Pin=R18-2
Removed Pin From Net: NetName=VCC_3.3V Pin=R19-1
Removed Pin From Net: NetName=IDI_18 Pin=R20-1
Removed Pin From Net: NetName=E.GND_2 Pin=R22-2
Removed Pin From Net: NetName=VCC_3.3V Pin=R23-1
Removed Pin From Net: NetName=IDI_19 Pin=R24-1
Removed Pin From Net: NetName=E.GND_2 Pin=R26-2
Removed Pin From Net: NetName=VCC_3.3V Pin=R27-1
Removed Pin From Net: NetName=IDI_20 Pin=R28-1
Removed Pin From Net: NetName=E.GND_2 Pin=R30-2
Removed Pin From Net: NetName=VCC_3.3V Pin=R31-1
Removed Pin From Net: NetName=IDI_21 Pin=R32-1
Removed Pin From Net: NetName=E.GND_2 Pin=R34-2
Removed Pin From Net: NetName=VCC_3.3V Pin=R35-1
Removed Pin From Net: NetName=IDI_22 Pin=R36-1
Removed Pin From Net: NetName=E.GND_2 Pin=R38-2
Removed Pin From Net: NetName=VCC_3.3V Pin=R39-1
Removed Pin From Net: NetName=IDI_23 Pin=R40-1
Removed Pin From Net: NetName=E.GND_3 Pin=R42-2
Removed Pin From Net: NetName=IDI_24 Pin=R44-1
Removed Pin From Net: NetName=E.GND_3 Pin=R46-2
Removed Pin From Net: NetName=IDI_25 Pin=R48-1
Removed Pin From Net: NetName=E.GND_3 Pin=R50-2
Removed Pin From Net: NetName=VCC_3.3V Pin=R51-1
Removed Pin From Net: NetName=IDI_26 Pin=R52-1
Removed Pin From Net: NetName=E.GND_3 Pin=R54-2
Removed Pin From Net: NetName=VCC_3.3V Pin=R55-1
Removed Pin From Net: NetName=IDI_27 Pin=R56-1
Removed Pin From Net: NetName=E.GND_3 Pin=R58-2
Removed Pin From Net: NetName=VCC_3.3V Pin=R59-1
Removed Pin From Net: NetName=IDI_28 Pin=R60-1
Removed Pin From Net: NetName=E.GND_3 Pin=R62-2
Removed Pin From Net: NetName=VCC_3.3V Pin=R63-1
Removed Pin From Net: NetName=IDI_29 Pin=R64-1
Removed Pin From Net: NetName=E.GND_3 Pin=R66-2
Removed Pin From Net: NetName=VCC_3.3V Pin=R67-1
Removed Pin From Net: NetName=IDI_30 Pin=R68-1
Removed Pin From Net: NetName=E.GND_3 Pin=R70-2
Removed Pin From Net: NetName=VCC_3.3V Pin=R71-1
Removed Pin From Net: NetName=IDI_31 Pin=R72-1
Removed Pin From Net: NetName=GND_??? Pin=R74-1
Removed Pin From Net: NetName=GND_??? Pin=R75-1
Removed Pin From Net: NetName=S1 Pin=R75-2
Removed Pin From Net: NetName=GND_??? Pin=R76-1
Removed Pin From Net: NetName=GND_??? Pin=R77-1
Removed Pin From Net: NetName=E.GND_0 Pin=R78-2
Removed Pin From Net: NetName=E.GND_0 Pin=R80-2
Removed Pin From Net: NetName=IDI_2 Pin=R81-1
Removed Pin From Net: NetName=E.GND_0 Pin=R83-2
Removed Pin From Net: NetName=IDI_3 Pin=R84-1
Removed Pin From Net: NetName=E.GND_0 Pin=R86-2
Removed Pin From Net: NetName=GND_??? Pin=R87-1
Removed Pin From Net: NetName=GND_??? Pin=R88-1
Removed Pin From Net: NetName=GND_??? Pin=R89-1
Removed Pin From Net: NetName=GND_??? Pin=R90-1
Removed Pin From Net: NetName=VCC_3.3V Pin=R91-1
Removed Pin From Net: NetName=VCC_3.3V Pin=R92-1
Removed Pin From Net: NetName=IDI_4 Pin=R99-1
Removed Pin From Net: NetName=VCC_3.3V Pin=R100-1
Removed Pin From Net: NetName=E.GND_0 Pin=R102-2
Removed Pin From Net: NetName=VCC_3.3V Pin=R103-1
Removed Pin From Net: NetName=IDI_1 Pin=R104-1
Removed Pin From Net: NetName=IDI_5 Pin=R105-1
Removed Pin From Net: NetName=VCC_3.3V Pin=R106-1
Removed Pin From Net: NetName=E.GND_0 Pin=R108-2
Removed Pin From Net: NetName=VCC_3.3V Pin=R109-1
Removed Pin From Net: NetName=IDI_6 Pin=R110-1
Removed Pin From Net: NetName=VCC_3.3V Pin=R112-1
Removed Pin From Net: NetName=E.GND_0 Pin=R113-2
Removed Pin From Net: NetName=IDI_7 Pin=R114-1
Removed Pin From Net: NetName=VCC_3.3V Pin=R115-1
Removed Pin From Net: NetName=E.GND_1 Pin=R117-2
Removed Pin From Net: NetName=VCC_3.3V Pin=R118-1
Removed Pin From Net: NetName=IDI_8 Pin=R119-1
Removed Pin From Net: NetName=VCC_3.3V Pin=R121-1
Removed Pin From Net: NetName=E.GND_1 Pin=R122-2
Removed Pin From Net: NetName=IDI_9 Pin=R123-1
Removed Pin From Net: NetName=VCC_3.3V Pin=R124-1
Removed Pin From Net: NetName=E.GND_1 Pin=R126-2
Removed Pin From Net: NetName=VCC_3.3V Pin=R127-1
Removed Pin From Net: NetName=IDI_10 Pin=R128-1
Removed Pin From Net: NetName=VCC_3.3V Pin=R130-1
Removed Pin From Net: NetName=E.GND_1 Pin=R131-2
Removed Pin From Net: NetName=IDI_11 Pin=R132-1
Removed Pin From Net: NetName=VCC_3.3V Pin=R133-1
Removed Pin From Net: NetName=E.GND_1 Pin=R135-2
Removed Pin From Net: NetName=VCC_3.3V Pin=R136-1
Removed Pin From Net: NetName=IDI_12 Pin=R137-1
Removed Pin From Net: NetName=VCC_3.3V Pin=R139-1
Removed Pin From Net: NetName=E.GND_1 Pin=R140-2
Removed Pin From Net: NetName=IDI_13 Pin=R141-1
Removed Pin From Net: NetName=VCC_3.3V Pin=R142-1
Removed Pin From Net: NetName=E.GND_1 Pin=R144-2
Removed Pin From Net: NetName=VCC_3.3V Pin=R145-1
Removed Pin From Net: NetName=IDI_14 Pin=R146-1
Removed Pin From Net: NetName=E.GND_1 Pin=R148-2
Removed Pin From Net: NetName=IDI_15 Pin=R149-1
Removed Pin From Net: NetName=E.GND_0 Pin=R151-2
Removed Pin From Net: NetName=IDI_0 Pin=R152-1
Removed Pin From Net: NetName=VCC_3.3V_CLEAR Pin=U1-1
Removed Pin From Net: NetName=RESET Pin=U1-7
Removed Pin From Net: NetName=GND_??? Pin=U1-12
Removed Pin From Net: NetName=VCCA_3.3V_CLEAR Pin=U1-13
Removed Pin From Net: NetName=S1 Pin=U1-29
Removed Pin From Net: NetName=GND_??? Pin=U1-31
Removed Pin From Net: NetName=VCC_3.3V_CLEAR Pin=U1-32
Removed Pin From Net: NetName=SPI_2_CS Pin=U1-33
Removed Pin From Net: NetName=SPI_2_SCK Pin=U1-34
Removed Pin From Net: NetName=SPI_2_MISO Pin=U1-35
Removed Pin From Net: NetName=SPI_2_MOSI Pin=U1-36
Removed Pin From Net: NetName=SWDIO Pin=U1-46
Removed Pin From Net: NetName=SWCLK Pin=U1-49
Removed Pin From Net: NetName=SWO Pin=U1-55
Removed Pin From Net: NetName=NetR2_2 Pin=U1-60
Removed Pin From Net: NetName=GND_??? Pin=U1-63
Removed Pin From Net: NetName=VCC_3.3V_CLEAR Pin=U1-64
Removed Pin From Net: NetName=GND_??? Pin=U2-1
Removed Pin From Net: NetName=VCC_3.3V Pin=U2-2
Removed Pin From Net: NetName=VCC_5V Pin=U2-3
Removed Pin From Net: NetName=VCC_3.3V Pin=U2-4
Removed Pin From Net: NetName=E.GND_2 Pin=U3-2
Removed Pin From Net: NetName=GND_??? Pin=U3-3
Removed Pin From Net: NetName=E.GND_2 Pin=U4-2
Removed Pin From Net: NetName=GND_??? Pin=U4-3
Removed Pin From Net: NetName=E.GND_2 Pin=U5-2
Removed Pin From Net: NetName=GND_??? Pin=U5-3
Removed Pin From Net: NetName=NetR22_1 Pin=U6-1
Removed Pin From Net: NetName=E.GND_2 Pin=U6-2
Removed Pin From Net: NetName=GND_??? Pin=U6-3
Removed Pin From Net: NetName=E.GND_2 Pin=U7-2
Removed Pin From Net: NetName=GND_??? Pin=U7-3
Removed Pin From Net: NetName=E.GND_2 Pin=U8-2
Removed Pin From Net: NetName=GND_??? Pin=U8-3
Removed Pin From Net: NetName=E.GND_2 Pin=U9-2
Removed Pin From Net: NetName=GND_??? Pin=U9-3
Removed Pin From Net: NetName=NetR38_1 Pin=U10-1
Removed Pin From Net: NetName=E.GND_2 Pin=U10-2
Removed Pin From Net: NetName=GND_??? Pin=U10-3
Removed Pin From Net: NetName=E.GND_3 Pin=U11-2
Removed Pin From Net: NetName=GND_??? Pin=U11-3
Removed Pin From Net: NetName=E.GND_3 Pin=U12-2
Removed Pin From Net: NetName=GND_??? Pin=U12-3
Removed Pin From Net: NetName=E.GND_3 Pin=U13-2
Removed Pin From Net: NetName=GND_??? Pin=U13-3
Removed Pin From Net: NetName=E.GND_3 Pin=U14-2
Removed Pin From Net: NetName=GND_??? Pin=U14-3
Removed Pin From Net: NetName=S1 Pin=U15-11
Removed Pin From Net: NetName=GND_??? Pin=U15-12
Removed Pin From Net: NetName=GND_??? Pin=U15-15
Removed Pin From Net: NetName=VCC_3.3V_CLEAR Pin=U15-24
Removed Pin From Net: NetName=E.GND_3 Pin=U16-2
Removed Pin From Net: NetName=GND_??? Pin=U16-3
Removed Pin From Net: NetName=E.GND_3 Pin=U17-2
Removed Pin From Net: NetName=GND_??? Pin=U17-3
Removed Pin From Net: NetName=E.GND_3 Pin=U18-2
Removed Pin From Net: NetName=GND_??? Pin=U18-3
Removed Pin From Net: NetName=E.GND_3 Pin=U19-2
Removed Pin From Net: NetName=GND_??? Pin=U19-3
Removed Pin From Net: NetName=GND_??? Pin=U20-12
Removed Pin From Net: NetName=GND_??? Pin=U20-15
Removed Pin From Net: NetName=VCC_3.3V_CLEAR Pin=U20-24
Removed Pin From Net: NetName=E.GND_0 Pin=U22-2
Removed Pin From Net: NetName=GND_??? Pin=U22-3
Removed Pin From Net: NetName=E.GND_0 Pin=U23-2
Removed Pin From Net: NetName=GND_??? Pin=U23-3
Removed Pin From Net: NetName=E.GND_0 Pin=U24-2
Removed Pin From Net: NetName=GND_??? Pin=U24-3
Removed Pin From Net: NetName=E.GND_0 Pin=U25-2
Removed Pin From Net: NetName=GND_??? Pin=U25-3
Removed Pin From Net: NetName=E.GND_0 Pin=U26-2
Removed Pin From Net: NetName=GND_??? Pin=U26-3
Removed Pin From Net: NetName=E.GND_0 Pin=U27-2
Removed Pin From Net: NetName=GND_??? Pin=U27-3
Removed Pin From Net: NetName=E.GND_0 Pin=U28-2
Removed Pin From Net: NetName=GND_??? Pin=U28-3
Removed Pin From Net: NetName=E.GND_0 Pin=U29-2
Removed Pin From Net: NetName=GND_??? Pin=U29-3
Removed Pin From Net: NetName=E.GND_1 Pin=U30-2
Removed Pin From Net: NetName=GND_??? Pin=U30-3
Removed Pin From Net: NetName=E.GND_1 Pin=U31-2
Removed Pin From Net: NetName=GND_??? Pin=U31-3
Removed Pin From Net: NetName=E.GND_1 Pin=U32-2
Removed Pin From Net: NetName=GND_??? Pin=U32-3
Removed Pin From Net: NetName=E.GND_1 Pin=U33-2
Removed Pin From Net: NetName=GND_??? Pin=U33-3
Removed Pin From Net: NetName=E.GND_1 Pin=U34-2
Removed Pin From Net: NetName=GND_??? Pin=U34-3
Removed Pin From Net: NetName=E.GND_1 Pin=U35-2
Removed Pin From Net: NetName=GND_??? Pin=U35-3
Removed Pin From Net: NetName=E.GND_1 Pin=U36-2
Removed Pin From Net: NetName=GND_??? Pin=U36-3
Removed Pin From Net: NetName=E.GND_1 Pin=U37-2
Removed Pin From Net: NetName=GND_??? Pin=U37-3
Removed Pin From Net: NetName=E.GND_2 Pin=VD1-2
Removed Pin From Net: NetName=NetR16_2 Pin=VD2-1
Removed Pin From Net: NetName=E.GND_2 Pin=VD2-2
Removed Pin From Net: NetName=E.GND_2 Pin=VD3-2
Removed Pin From Net: NetName=E.GND_2 Pin=VD7-2
Removed Pin From Net: NetName=E.GND_2 Pin=VD8-2
Removed Pin From Net: NetName=E.GND_3 Pin=VD9-2
Removed Pin From Net: NetName=E.GND_3 Pin=VD10-2
Removed Pin From Net: NetName=E.GND_3 Pin=VD11-2
Removed Pin From Net: NetName=E.GND_3 Pin=VD12-2
Removed Pin From Net: NetName=E.GND_3 Pin=VD13-2
Removed Pin From Net: NetName=E.GND_3 Pin=VD14-2
Removed Pin From Net: NetName=E.GND_3 Pin=VD15-2
Removed Pin From Net: NetName=E.GND_3 Pin=VD16-2
Removed Pin From Net: NetName=E.GND_0 Pin=VD17-2
Removed Pin From Net: NetName=E.GND_0 Pin=VD18-2
Removed Pin From Net: NetName=E.GND_0 Pin=VD19-2
Removed Pin From Net: NetName=E.GND_0 Pin=VD20-2
Removed Pin From Net: NetName=E.GND_0 Pin=VD21-2
Removed Pin From Net: NetName=E.GND_0 Pin=VD22-2
Removed Pin From Net: NetName=E.GND_0 Pin=VD23-2
Removed Pin From Net: NetName=E.GND_1 Pin=VD24-2
Removed Pin From Net: NetName=E.GND_1 Pin=VD25-2
Removed Pin From Net: NetName=E.GND_1 Pin=VD26-2
Removed Pin From Net: NetName=E.GND_1 Pin=VD27-2
Removed Pin From Net: NetName=E.GND_1 Pin=VD28-2
Removed Pin From Net: NetName=E.GND_1 Pin=VD29-2
Removed Pin From Net: NetName=E.GND_1 Pin=VD30-2
Removed Pin From Net: NetName=E.GND_1 Pin=VD31-2
Removed Pin From Net: NetName=E.GND_0 Pin=VD32-2
Removed Pin From Net: NetName=E.GND_2 Pin=XP2-14
Removed Member From Class: ClassName=TS_ADV_SCH Member=R51
Removed Member From Class: ClassName=TS_ADV_SCH Member=R52
Removed Member From Class: ClassName=TS_ADV_SCH Member=R53
Removed Member From Class: ClassName=TS_ADV_SCH Member=R54
Removed Member From Class: ClassName=TS_ADV_SCH Member=R55
Removed Member From Class: ClassName=TS_ADV_SCH Member=R56
Removed Member From Class: ClassName=TS_ADV_SCH Member=R57
Removed Member From Class: ClassName=TS_ADV_SCH Member=R58
Removed Member From Class: ClassName=TS_ADV_SCH Member=R59
Removed Member From Class: ClassName=TS_ADV_SCH Member=R60
Removed Member From Class: ClassName=TS_ADV_SCH Member=R61
Removed Member From Class: ClassName=TS_ADV_SCH Member=R62
Removed Member From Class: ClassName=TS_ADV_SCH Member=R63
Removed Member From Class: ClassName=TS_ADV_SCH Member=R64
Removed Member From Class: ClassName=TS_ADV_SCH Member=R65
Removed Member From Class: ClassName=TS_ADV_SCH Member=R66
Removed Member From Class: ClassName=TS_ADV_SCH Member=R67
Removed Member From Class: ClassName=TS_ADV_SCH Member=R68
Removed Member From Class: ClassName=TS_ADV_SCH Member=R69
Removed Member From Class: ClassName=TS_ADV_SCH Member=R70
Removed Member From Class: ClassName=TS_ADV_SCH Member=R71
Removed Member From Class: ClassName=TS_ADV_SCH Member=R72
Removed Member From Class: ClassName=TS_ADV_SCH Member=R73
Removed Member From Class: ClassName=TS_ADV_SCH Member=R74
Removed Member From Class: ClassName=TS_ADV_SCH Member=R75
Removed Member From Class: ClassName=TS_ADV_SCH Member=R76
Removed Member From Class: ClassName=TS_ADV_SCH Member=R77
Removed Member From Class: ClassName=TS_ADV_SCH Member=R78
Removed Member From Class: ClassName=TS_ADV_SCH Member=R79
Removed Member From Class: ClassName=TS_ADV_SCH Member=R80
Removed Member From Class: ClassName=TS_ADV_SCH Member=R81
Removed Member From Class: ClassName=TS_ADV_SCH Member=R82
Removed Member From Class: ClassName=TS_ADV_SCH Member=R83
Removed Member From Class: ClassName=TS_ADV_SCH Member=R84
Removed Member From Class: ClassName=TS_ADV_SCH Member=R85
Removed Member From Class: ClassName=TS_ADV_SCH Member=R86
Removed Member From Class: ClassName=TS_ADV_SCH Member=R87
Removed Member From Class: ClassName=TS_ADV_SCH Member=R88
Removed Member From Class: ClassName=TS_ADV_SCH Member=R89
Removed Member From Class: ClassName=TS_ADV_SCH Member=R90
Removed Member From Class: ClassName=TS_ADV_SCH Member=R91
Removed Member From Class: ClassName=TS_ADV_SCH Member=R92
Removed Member From Class: ClassName=TS_ADV_SCH Member=R99
Removed Member From Class: ClassName=TS_ADV_SCH Member=R100
Removed Member From Class: ClassName=TS_ADV_SCH Member=R101
Removed Member From Class: ClassName=TS_ADV_SCH Member=R102
Removed Member From Class: ClassName=TS_ADV_SCH Member=R103
Removed Member From Class: ClassName=TS_ADV_SCH Member=R104
Removed Member From Class: ClassName=TS_ADV_SCH Member=R105
Removed Member From Class: ClassName=TS_ADV_SCH Member=R106
Removed Member From Class: ClassName=TS_ADV_SCH Member=R107
Removed Member From Class: ClassName=TS_ADV_SCH Member=R108
Removed Member From Class: ClassName=TS_ADV_SCH Member=R109
Removed Member From Class: ClassName=TS_ADV_SCH Member=R110
Removed Member From Class: ClassName=TS_ADV_SCH Member=R111
Removed Member From Class: ClassName=TS_ADV_SCH Member=R112
Removed Member From Class: ClassName=TS_ADV_SCH Member=R113
Removed Member From Class: ClassName=TS_ADV_SCH Member=R114
Removed Member From Class: ClassName=TS_ADV_SCH Member=R115
Removed Member From Class: ClassName=TS_ADV_SCH Member=R116
Removed Member From Class: ClassName=TS_ADV_SCH Member=R117
Removed Member From Class: ClassName=TS_ADV_SCH Member=R118
Removed Member From Class: ClassName=TS_ADV_SCH Member=R119
Removed Member From Class: ClassName=TS_ADV_SCH Member=R120
Removed Member From Class: ClassName=TS_ADV_SCH Member=R121
Removed Member From Class: ClassName=TS_ADV_SCH Member=R122
Removed Member From Class: ClassName=TS_ADV_SCH Member=R123
Removed Member From Class: ClassName=TS_ADV_SCH Member=R124
Removed Member From Class: ClassName=TS_ADV_SCH Member=R125
Removed Member From Class: ClassName=TS_ADV_SCH Member=R126
Removed Member From Class: ClassName=TS_ADV_SCH Member=R127
Removed Member From Class: ClassName=TS_ADV_SCH Member=R128
Removed Member From Class: ClassName=TS_ADV_SCH Member=R129
Removed Member From Class: ClassName=TS_ADV_SCH Member=R130
Removed Member From Class: ClassName=TS_ADV_SCH Member=R131
Removed Member From Class: ClassName=TS_ADV_SCH Member=R132
Removed Member From Class: ClassName=TS_ADV_SCH Member=R133
Removed Member From Class: ClassName=TS_ADV_SCH Member=R134
Removed Member From Class: ClassName=TS_ADV_SCH Member=R135
Removed Member From Class: ClassName=TS_ADV_SCH Member=R136
Removed Member From Class: ClassName=TS_ADV_SCH Member=R137
Removed Member From Class: ClassName=TS_ADV_SCH Member=R138
Removed Member From Class: ClassName=TS_ADV_SCH Member=R139
Removed Member From Class: ClassName=TS_ADV_SCH Member=R140
Removed Member From Class: ClassName=TS_ADV_SCH Member=R141
Removed Member From Class: ClassName=TS_ADV_SCH Member=R142
Removed Member From Class: ClassName=TS_ADV_SCH Member=R143
Removed Member From Class: ClassName=TS_ADV_SCH Member=R144
Removed Member From Class: ClassName=TS_ADV_SCH Member=R145
Removed Member From Class: ClassName=TS_ADV_SCH Member=R146
Removed Member From Class: ClassName=TS_ADV_SCH Member=R147
Removed Member From Class: ClassName=TS_ADV_SCH Member=R148
Removed Member From Class: ClassName=TS_ADV_SCH Member=R149
Removed Member From Class: ClassName=TS_ADV_SCH Member=R150
Removed Member From Class: ClassName=TS_ADV_SCH Member=R151
Removed Member From Class: ClassName=TS_ADV_SCH Member=R152
Removed Member From Class: ClassName=TS_ADV_SCH Member=R153
Removed Member From Class: ClassName=TS_ADV_SCH Member=U5
Removed Member From Class: ClassName=TS_ADV_SCH Member=U6
Removed Member From Class: ClassName=TS_ADV_SCH Member=U7
Removed Member From Class: ClassName=TS_ADV_SCH Member=U8
Removed Member From Class: ClassName=TS_ADV_SCH Member=U9
Removed Member From Class: ClassName=TS_ADV_SCH Member=U10
Removed Member From Class: ClassName=TS_ADV_SCH Member=U11
Removed Member From Class: ClassName=TS_ADV_SCH Member=U12
Removed Member From Class: ClassName=TS_ADV_SCH Member=U13
Removed Member From Class: ClassName=TS_ADV_SCH Member=U14
Removed Member From Class: ClassName=TS_ADV_SCH Member=U15
Removed Member From Class: ClassName=TS_ADV_SCH Member=U16
Removed Member From Class: ClassName=TS_ADV_SCH Member=U17
Removed Member From Class: ClassName=TS_ADV_SCH Member=U18
Removed Member From Class: ClassName=TS_ADV_SCH Member=U19
Removed Member From Class: ClassName=TS_ADV_SCH Member=U20
Removed Member From Class: ClassName=TS_ADV_SCH Member=U22
Removed Member From Class: ClassName=TS_ADV_SCH Member=U23
Removed Member From Class: ClassName=TS_ADV_SCH Member=U24
Removed Member From Class: ClassName=TS_ADV_SCH Member=U25
Removed Member From Class: ClassName=TS_ADV_SCH Member=U26
Removed Member From Class: ClassName=TS_ADV_SCH Member=U27
Removed Member From Class: ClassName=TS_ADV_SCH Member=U28
Removed Member From Class: ClassName=TS_ADV_SCH Member=U29
Removed Member From Class: ClassName=TS_ADV_SCH Member=U30
Removed Member From Class: ClassName=TS_ADV_SCH Member=U31
Removed Member From Class: ClassName=TS_ADV_SCH Member=U32
Removed Member From Class: ClassName=TS_ADV_SCH Member=U33
Removed Member From Class: ClassName=TS_ADV_SCH Member=U34
Removed Member From Class: ClassName=TS_ADV_SCH Member=U35
Removed Member From Class: ClassName=TS_ADV_SCH Member=U36
Removed Member From Class: ClassName=TS_ADV_SCH Member=U37
Removed Member From Class: ClassName=TS_ADV_SCH Member=VD7
Removed Member From Class: ClassName=TS_ADV_SCH Member=VD8
Removed Member From Class: ClassName=TS_ADV_SCH Member=VD9
Removed Member From Class: ClassName=TS_ADV_SCH Member=VD10
Removed Member From Class: ClassName=TS_ADV_SCH Member=VD11
Removed Member From Class: ClassName=TS_ADV_SCH Member=VD12
Removed Member From Class: ClassName=TS_ADV_SCH Member=VD13
Removed Member From Class: ClassName=TS_ADV_SCH Member=VD14
Removed Member From Class: ClassName=TS_ADV_SCH Member=VD15
Removed Member From Class: ClassName=TS_ADV_SCH Member=VD16
Removed Member From Class: ClassName=TS_ADV_SCH Member=VD17
Removed Member From Class: ClassName=TS_ADV_SCH Member=VD18
Removed Member From Class: ClassName=TS_ADV_SCH Member=VD19
Removed Member From Class: ClassName=TS_ADV_SCH Member=VD20
Removed Member From Class: ClassName=TS_ADV_SCH Member=VD21
Removed Member From Class: ClassName=TS_ADV_SCH Member=VD22
Removed Member From Class: ClassName=TS_ADV_SCH Member=VD23
Removed Member From Class: ClassName=TS_ADV_SCH Member=VD24
Removed Member From Class: ClassName=TS_ADV_SCH Member=VD25
Removed Member From Class: ClassName=TS_ADV_SCH Member=VD26
Removed Member From Class: ClassName=TS_ADV_SCH Member=VD27
Removed Member From Class: ClassName=TS_ADV_SCH Member=VD28
Removed Member From Class: ClassName=TS_ADV_SCH Member=VD29
Removed Member From Class: ClassName=TS_ADV_SCH Member=VD30
Removed Member From Class: ClassName=TS_ADV_SCH Member=VD31
Removed Member From Class: ClassName=TS_ADV_SCH Member=VD32
Change Component Footprint: Designator=C9 Old Footprint=CAP: 0603 New Footprint=CAP: 2220
Change Component Footprint: Designator=C10 Old Footprint=CAP: 0603 New Footprint=CAP: 2220
Change Component Footprint: Designator=C1 Old Footprint=CAP: 2220 New Footprint=CAP: 0603
Change Component Footprint: Designator=C2 Old Footprint=CAP: 2220 New Footprint=CAP: 0603
Change Component Footprint: Designator=VD1 Old Footprint=CG0603MLC-24LEA New Footprint=BAV99
Change Component Footprint: Designator=VD2 Old Footprint=CG0603MLC-24LEA New Footprint=BAV99
Change Component Footprint: Designator=VD3 Old Footprint=CG0603MLC-24LEA New Footprint=BAV99
Change Component Footprint: Designator=VD4 Old Footprint=CG0603MLC-24LEA New Footprint=BAV99
Change Component Footprint: Designator=VD5 Old Footprint=CG0603MLC-24LEA New Footprint=BAV99
Change Component Footprint: Designator=VD6 Old Footprint=CG0603MLC-24LEA New Footprint=BAV99
Change Component Footprint: Designator=U1 Old Footprint=QFP50P1200X1200X160-64N New Footprint=MCP6004
Change Component Footprint: Designator=R12 Old Footprint=RES: 2512 New Footprint=RES: 0603
Change Component Footprint: Designator=R16 Old Footprint=RES: 2512 New Footprint=RES: 0603
Change Component Footprint: Designator=R20 Old Footprint=RES: 2512 New Footprint=RES: 0603
Change Component Footprint: Designator=R24 Old Footprint=RES: 2512 New Footprint=RES: 0603
Change Component Footprint: Designator=R28 Old Footprint=RES: 2512 New Footprint=RES: 0603
Change Component Footprint: Designator=R32 Old Footprint=RES: 2512 New Footprint=RES: 0603
Change Component Footprint: Designator=R36 Old Footprint=RES: 2512 New Footprint=RES: 0603
Change Component Footprint: Designator=R40 Old Footprint=RES: 2512 New Footprint=RES: 0603
Change Component Footprint: Designator=R44 Old Footprint=RES: 2512 New Footprint=RES: 0603
Change Component Footprint: Designator=R48 Old Footprint=RES: 2512 New Footprint=RES: 0603
Change Component Footprint: Designator=U2 Old Footprint=SOT223 New Footprint=MCP6004
Change Component Comment : Designator=VD1 Old Comment=CG0603MLC-24LEA New Comment=BAV99
Change Component Comment : Designator=VD2 Old Comment=CG0603MLC-24LEA New Comment=BAV99
Change Component Comment : Designator=VD3 Old Comment=CG0603MLC-24LEA New Comment=BAV99
Change Component Comment : Designator=VD4 Old Comment=CG0603MLC-24LEA New Comment=BAV99
Change Component Comment : Designator=VD5 Old Comment=CG0603MLC-24LEA New Comment=BAV99
Change Component Comment : Designator=VD6 Old Comment=CG0603MLC-24LEA New Comment=BAV99
Change Component Comment : Designator=U2 Old Comment=LD1117S33CTR New Comment=MCP6004
Change Component Comment : Designator=U4 Old Comment=LTV-357 New Comment=LD1117S33CTR
Change Component Comment : Designator=U3 Old Comment=LTV-357 New Comment=STM32F030R8T6
Change Component Comment : Designator=U1 Old Comment=STM32F030R8T6 New Comment=MCP6004
Change Component Comment : Designator=L1 Old Comment=ValueManufacturerPartNumber New Comment=inductor
Change Component Comment : Designator=L2 Old Comment=ValueManufacturerPartNumber New Comment=inductor
Change Component Comment : Designator=L3 Old Comment=ValueManufacturerPartNumber New Comment=inductor
Added Component: Designator=C11(CAP: 0603)
Added Component: Designator=C12(CAP: 0603)
Added Component: Designator=C15(CAP: 0603)
Added Component: Designator=C16(CAP: 0603)
Added Component: Designator=C19(CAP: 0603)
Added Component: Designator=C20(CAP: 0603)
Added Component: Designator=L4(IND: 0603)
Added Component: Designator=L7(IND: 0603)
Added Component: Designator=L8(IND: 0603)
Added Pin To Net: NetName=GND_??? Pin=BC1-1
Added Pin To Net: NetName=GND_??? Pin=BC1-3
Added Pin To Net: NetName=GND_??? Pin=C7-2
Added Pin To Net: NetName=GND_??? Pin=C8-2
Added Pin To Net: NetName=VCC_5V Pin=C9-2
Added Pin To Net: NetName=VCC_3.3V Pin=C10-2
Added Pin To Net: NetName=GND_??? Pin=C11-1
Added Pin To Net: NetName=VCC_3.3V_CLEAR Pin=C11-2
Added Pin To Net: NetName=GND_??? Pin=C12-1
Added Pin To Net: NetName=VCC_3.3V_CLEAR Pin=C12-2
Added Pin To Net: NetName=GND_??? Pin=C15-1
Added Pin To Net: NetName=VCC_3.3V_CLEAR Pin=C15-2
Added Pin To Net: NetName=GND_??? Pin=C16-1
Added Pin To Net: NetName=VCC_3.3V_CLEAR Pin=C16-2
Added Pin To Net: NetName=GND_??? Pin=C19-1
Added Pin To Net: NetName=VCC_3.3V_CLEAR Pin=C19-2
Added Pin To Net: NetName=GND_??? Pin=C20-1
Added Pin To Net: NetName=VCC_3.3V_CLEAR Pin=C20-2
Added Pin To Net: NetName=VCC_3.3V_CLEAR Pin=L4-1
Added Pin To Net: NetName=VCC_3.3V Pin=L4-2
Added Pin To Net: NetName=VCC_3.3V_CLEAR Pin=L7-1
Added Pin To Net: NetName=VCC_3.3V Pin=L7-2
Added Pin To Net: NetName=VCC_3.3V_CLEAR Pin=L8-1
Added Pin To Net: NetName=VCC_3.3V Pin=L8-2
Added Pin To Net: NetName=NetR2_2 Pin=R3-1
Added Pin To Net: NetName=NetR16_2 Pin=R17-1
Added Pin To Net: NetName=GND_??? Pin=R42-1
Added Pin To Net: NetName=RESET Pin=R43-2
Added Pin To Net: NetName=VCC_3.3V Pin=R44-1
Added Pin To Net: NetName=SWDIO Pin=R44-2
Added Pin To Net: NetName=GND_??? Pin=R45-1
Added Pin To Net: NetName=SWCLK Pin=R45-2
Added Pin To Net: NetName=SWO Pin=R46-1
Added Pin To Net: NetName=VCC_3.3V Pin=R46-2
Added Pin To Net: NetName=SPI_2_CS Pin=R47-2
Added Pin To Net: NetName=GND_??? Pin=R48-1
Added Pin To Net: NetName=SPI_2_SCK Pin=R48-2
Added Pin To Net: NetName=GND_??? Pin=R49-1
Added Pin To Net: NetName=SPI_2_MOSI Pin=R49-2
Added Pin To Net: NetName=GND_??? Pin=R50-1
Added Pin To Net: NetName=SPI_2_MISO Pin=R50-2
Added Pin To Net: NetName=E.GND_2 Pin=U1-4
Added Pin To Net: NetName=NetR22_1 Pin=U1-8
Added Pin To Net: NetName=E.GND_2 Pin=U2-4
Added Pin To Net: NetName=NetR38_1 Pin=U2-8
Added Pin To Net: NetName=VCC_3.3V_CLEAR Pin=U3-1
Added Pin To Net: NetName=GND_??? Pin=U4-1
Added Pin To Net: NetName=VCC_3.3V Pin=U4-2
Added Pin To Net: NetName=VCC_5V Pin=U4-3
Added Pin To Net: NetName=VCC_3.3V Pin=U4-4
Change Net Name : Old Net Name=E.GND_2 New Net Name=VCC_5V_CLEAR
Added Pin To Net: NetName=2 Pin=L1-1
Added Net: Name=2
Added Pin To Net: NetName=4 Pin=L2-1
Added Net: Name=4
Added Pin To Net: NetName=6 Pin=L3-1
Added Net: Name=6
Added Pin To Net: NetName=ADC_IN4 Pin=C1-1
Added Pin To Net: NetName=ADC_IN4 Pin=R19-1
Added Net: Name=ADC_IN4
Added Pin To Net: NetName=ADC_IN5 Pin=C2-1
Added Pin To Net: NetName=ADC_IN5 Pin=R23-1
Added Pin To Net: NetName=ADC_IN5 Pin=R24-1
Added Net: Name=ADC_IN5
Added Pin To Net: NetName=ADC_IN6 Pin=C3-1
Added Pin To Net: NetName=ADC_IN6 Pin=R25-2
Added Net: Name=ADC_IN6
Added Pin To Net: NetName=ADC_IN7 Pin=C4-1
Added Pin To Net: NetName=ADC_IN7 Pin=R35-1
Added Net: Name=ADC_IN7
Added Pin To Net: NetName=ADC_IN14 Pin=C5-1
Added Pin To Net: NetName=ADC_IN14 Pin=R39-1
Added Pin To Net: NetName=ADC_IN14 Pin=R40-1
Added Net: Name=ADC_IN14
Added Pin To Net: NetName=ADC_IN15 Pin=C6-1
Added Pin To Net: NetName=ADC_IN15 Pin=R41-2
Added Net: Name=ADC_IN15
Added Pin To Net: NetName=AMP_IN+ Pin=R26-1
Added Pin To Net: NetName=AMP_IN+ Pin=R27-2
Added Pin To Net: NetName=AMP_IN+ Pin=R29-1
Added Pin To Net: NetName=AMP_IN+ Pin=R30-2
Added Pin To Net: NetName=AMP_IN+ Pin=R32-1
Added Pin To Net: NetName=AMP_IN+ Pin=R33-2
Added Pin To Net: NetName=AMP_IN+ Pin=U1-3
Added Pin To Net: NetName=AMP_IN+ Pin=U1-5
Added Pin To Net: NetName=AMP_IN+ Pin=U1-10
Added Pin To Net: NetName=AMP_IN+ Pin=VD1-3
Added Pin To Net: NetName=AMP_IN+ Pin=VD2-3
Added Pin To Net: NetName=AMP_IN+ Pin=VD3-3
Added Net: Name=AMP_IN+
Added Pin To Net: NetName=AMP_IN_A+_2 Pin=R28-2
Added Pin To Net: NetName=AMP_IN_A+_2 Pin=U2-3
Added Pin To Net: NetName=AMP_IN_A+_2 Pin=VD4-3
Added Net: Name=AMP_IN_A+_2
Added Pin To Net: NetName=AMP_IN_A-_2 Pin=R26-2
Added Pin To Net: NetName=AMP_IN_A-_2 Pin=R36-1
Added Pin To Net: NetName=AMP_IN_A-_2 Pin=U2-2
Added Net: Name=AMP_IN_A-_2
Added Pin To Net: NetName=AMP_IN_A- Pin=R6-2
Added Pin To Net: NetName=AMP_IN_A- Pin=R20-1
Added Pin To Net: NetName=AMP_IN_A- Pin=U1-2
Added Pin To Net: NetName=AMP_IN_A- Pin=VD1-1
Added Pin To Net: NetName=AMP_IN_A- Pin=VD1-2
Added Net: Name=AMP_IN_A-
Added Pin To Net: NetName=AMP_IN_B+_2 Pin=R31-2
Added Pin To Net: NetName=AMP_IN_B+_2 Pin=U2-5
Added Pin To Net: NetName=AMP_IN_B+_2 Pin=VD5-3
Added Net: Name=AMP_IN_B+_2
Added Pin To Net: NetName=AMP_IN_B-_2 Pin=R29-2
Added Pin To Net: NetName=AMP_IN_B-_2 Pin=R37-2
Added Pin To Net: NetName=AMP_IN_B-_2 Pin=U2-6
Added Net: Name=AMP_IN_B-_2
Added Pin To Net: NetName=AMP_IN_B- Pin=R12-2
Added Pin To Net: NetName=AMP_IN_B- Pin=R18-2
Added Pin To Net: NetName=AMP_IN_B- Pin=R21-2
Added Pin To Net: NetName=AMP_IN_B- Pin=U1-6
Added Pin To Net: NetName=AMP_IN_B- Pin=VD2-1
Added Pin To Net: NetName=AMP_IN_B- Pin=VD2-2
Added Pin To Net: NetName=AMP_IN_B- Pin=VD3-1
Added Pin To Net: NetName=AMP_IN_B- Pin=VD3-2
Added Net: Name=AMP_IN_B-
Added Pin To Net: NetName=AMP_IN_C+_2 Pin=R34-2
Added Pin To Net: NetName=AMP_IN_C+_2 Pin=U2-10
Added Pin To Net: NetName=AMP_IN_C+_2 Pin=VD6-3
Added Net: Name=AMP_IN_C+_2
Added Pin To Net: NetName=AMP_IN_C-_2 Pin=R32-2
Added Pin To Net: NetName=AMP_IN_C-_2 Pin=R38-2
Added Pin To Net: NetName=AMP_IN_C-_2 Pin=U2-9
Added Net: Name=AMP_IN_C-_2
Added Pin To Net: NetName=AMP_IN_C- Pin=R22-2
Added Pin To Net: NetName=AMP_IN_C- Pin=U1-9
Added Net: Name=AMP_IN_C-
Added Pin To Net: NetName=E.GND_2 Pin=XP2-14
Added Net: Name=E.GND_2
Added Pin To Net: NetName=GND_CLEAR Pin=C1-2
Added Pin To Net: NetName=GND_CLEAR Pin=C2-2
Added Pin To Net: NetName=GND_CLEAR Pin=C3-2
Added Pin To Net: NetName=GND_CLEAR Pin=C4-2
Added Pin To Net: NetName=GND_CLEAR Pin=C5-2
Added Pin To Net: NetName=GND_CLEAR Pin=C6-2
Added Pin To Net: NetName=GND_CLEAR Pin=U1-11
Added Pin To Net: NetName=GND_CLEAR Pin=U2-11
Added Pin To Net: NetName=GND_CLEAR Pin=VD4-1
Added Pin To Net: NetName=GND_CLEAR Pin=VD5-1
Added Pin To Net: NetName=GND_CLEAR Pin=VD6-1
Added Net: Name=GND_CLEAR
Added Net: Name=IA
Added Net: Name=IB
Added Net: Name=IC
Added Pin To Net: NetName=NetL1_2 Pin=L1-2
Added Pin To Net: NetName=NetL1_2 Pin=R27-1
Added Pin To Net: NetName=NetL1_2 Pin=R28-1
Added Net: Name=NetL1_2
Added Pin To Net: NetName=NetL2_2 Pin=L2-2
Added Pin To Net: NetName=NetL2_2 Pin=R30-1
Added Pin To Net: NetName=NetL2_2 Pin=R31-1
Added Net: Name=NetL2_2
Added Pin To Net: NetName=NetL3_2 Pin=L3-2
Added Pin To Net: NetName=NetL3_2 Pin=R33-1
Added Pin To Net: NetName=NetL3_2 Pin=R34-1
Added Net: Name=NetL3_2
Added Pin To Net: NetName=NetR1_2 Pin=R1-2
Added Pin To Net: NetName=NetR1_2 Pin=R2-1
Added Net: Name=NetR1_2
Added Pin To Net: NetName=NetR3_2 Pin=R3-2
Added Pin To Net: NetName=NetR3_2 Pin=R4-1
Added Net: Name=NetR3_2
Added Pin To Net: NetName=NetR4_2 Pin=R4-2
Added Pin To Net: NetName=NetR4_2 Pin=R5-1
Added Net: Name=NetR4_2
Added Pin To Net: NetName=NetR5_2 Pin=R5-2
Added Pin To Net: NetName=NetR5_2 Pin=R6-1
Added Net: Name=NetR5_2
Added Pin To Net: NetName=NetR7_2 Pin=R7-2
Added Pin To Net: NetName=NetR7_2 Pin=R8-1
Added Net: Name=NetR7_2
Added Pin To Net: NetName=NetR8_2 Pin=R8-2
Added Pin To Net: NetName=NetR8_2 Pin=R9-1
Added Net: Name=NetR8_2
Added Pin To Net: NetName=NetR9_2 Pin=R9-2
Added Pin To Net: NetName=NetR9_2 Pin=R10-1
Added Net: Name=NetR9_2
Added Pin To Net: NetName=NetR10_2 Pin=R10-2
Added Pin To Net: NetName=NetR10_2 Pin=R11-1
Added Net: Name=NetR10_2
Added Pin To Net: NetName=NetR11_2 Pin=R11-2
Added Pin To Net: NetName=NetR11_2 Pin=R12-1
Added Net: Name=NetR11_2
Added Pin To Net: NetName=NetR13_2 Pin=R13-2
Added Pin To Net: NetName=NetR13_2 Pin=R14-1
Added Net: Name=NetR13_2
Added Pin To Net: NetName=NetR14_2 Pin=R14-2
Added Pin To Net: NetName=NetR14_2 Pin=R15-1
Added Net: Name=NetR14_2
Added Pin To Net: NetName=NetR15_2 Pin=R15-2
Added Pin To Net: NetName=NetR15_2 Pin=R16-1
Added Net: Name=NetR15_2
Added Pin To Net: NetName=NetR17_2 Pin=R17-2
Added Pin To Net: NetName=NetR17_2 Pin=R18-1
Added Net: Name=NetR17_2
Added Pin To Net: NetName=NetR19_2 Pin=R19-2
Added Pin To Net: NetName=NetR19_2 Pin=R20-2
Added Pin To Net: NetName=NetR19_2 Pin=U1-1
Added Net: Name=NetR19_2
Added Pin To Net: NetName=NetR21_1 Pin=R21-1
Added Pin To Net: NetName=NetR21_1 Pin=R23-2
Added Pin To Net: NetName=NetR21_1 Pin=R24-2
Added Pin To Net: NetName=NetR21_1 Pin=U1-7
Added Net: Name=NetR21_1
Added Pin To Net: NetName=NetR35_2 Pin=R35-2
Added Pin To Net: NetName=NetR35_2 Pin=R36-2
Added Pin To Net: NetName=NetR35_2 Pin=U2-1
Added Net: Name=NetR35_2
Added Pin To Net: NetName=NetR37_1 Pin=R37-1
Added Pin To Net: NetName=NetR37_1 Pin=R39-2
Added Pin To Net: NetName=NetR37_1 Pin=R40-2
Added Pin To Net: NetName=NetR37_1 Pin=U2-7
Added Net: Name=NetR37_1
Added Pin To Net: NetName=NetR42_2 Pin=R42-2
Added Net: Name=NetR42_2
Added Pin To Net: NetName=UA Pin=R1-1
Added Net: Name=UA
Added Pin To Net: NetName=UB Pin=R7-1
Added Net: Name=UB
Added Pin To Net: NetName=UC Pin=R13-1
Added Net: Name=UC
Change Class Name : Old Net Name=TS_ADV_SCH New Net Name=TI_SCH
Added Member To Class: ClassName=TI_SCH Member=Component C11 ValueManufacturerPartNumber
Added Member To Class: ClassName=TI_SCH Member=Component C12 ValueManufacturerPartNumber
Added Member To Class: ClassName=TI_SCH Member=Component C15 ValueManufacturerPartNumber
Added Member To Class: ClassName=TI_SCH Member=Component C16 ValueManufacturerPartNumber
Added Member To Class: ClassName=TI_SCH Member=Component C19 ValueManufacturerPartNumber
Added Member To Class: ClassName=TI_SCH Member=Component C20 ValueManufacturerPartNumber
Added Member To Class: ClassName=TI_SCH Member=Component L4 ValueManufacturerPartNumber
Added Member To Class: ClassName=TI_SCH Member=Component L7 ValueManufacturerPartNumber
Added Member To Class: ClassName=TI_SCH Member=Component L8 ValueManufacturerPartNumber
Added Room: Name=TI_SCH
