Change Component Designator: OldDesignator=XP? NewDesignator=XP1
Added Component: Designator=U4(LD1117S33CTR)
Added Component: Designator=XP3(PLD-12)
Added Pin To Net: NetName=GND_??? Pin=U4-1
Added Pin To Net: NetName=VCC_3.3V Pin=U4-2
Added Pin To Net: NetName=VCC_5V Pin=U4-3
Added Pin To Net: NetName=VCC_3.3V Pin=U4-4
Added Pin To Net: NetName=SWDIO Pin=XP3-1
Added Pin To Net: NetName=RESET Pin=XP3-2
Added Pin To Net: NetName=SWCLK Pin=XP3-3
Added Pin To Net: NetName=SWO Pin=XP3-4
Added Pin To Net: NetName=GND_??? Pin=XP3-5
Added Pin To Net: NetName=VCC_3.3V Pin=XP3-6
Added Pin To Net: NetName=VCC_3.3V Pin=XP3-7
Added Pin To Net: NetName=VCC_3.3V Pin=XP3-8
Added Pin To Net: NetName=GND_??? Pin=XP3-9
Added Pin To Net: NetName=VCC_3.3V Pin=XP3-10
Added Pin To Net: NetName=GND_??? Pin=XP3-11
Added Pin To Net: NetName=VCC_3.3V Pin=XP3-12
Added Member To Class: ClassName=TI_SCH Member=Component U4 LD1117S33CTR
Added Member To Class: ClassName=TI_SCH Member=Component XP3 PLD-12
